Using pre-set license
Built from '2021.3/staging' branch; Version is '2021.3.10f1 (1c7d0df0160b) revision 1867021'; Using compiler version '192829333'; Build Type 'Release'
OS: 'Windows 10  (10.0.19044) 64bit Core' Language: 'en' Physical Memory: 16227 MB
BatchMode: 1, IsHumanControllingUs: 0, StartBugReporterOnCrash: 0, Is64bit: 1, IsPro: 1

COMMAND LINE ARGUMENTS:
C:\Program Files\Unity\Hub\Editor\2021.3.10f1\Editor\Unity.exe
-adb2
-batchMode
-noUpm
-name
AssetImportWorker1
-projectPath
F:/GameDev/spring-2022-spacegame-vr/AstroQuest
-logFile
Logs/AssetImportWorker1.log
-srvPort
<<<<<<< HEAD
52716
=======
64648
>>>>>>> f745fc40f0dccdce5a7c0f0f04e07b1d64ce0ffb
Successfully changed project path to: F:/GameDev/spring-2022-spacegame-vr/AstroQuest
F:/GameDev/spring-2022-spacegame-vr/AstroQuest
[UnityMemory] Configuration Parameters - Can be set up in boot.config
    "memorysetup-bucket-allocator-granularity=16"
    "memorysetup-bucket-allocator-bucket-count=8"
    "memorysetup-bucket-allocator-block-size=33554432"
    "memorysetup-bucket-allocator-block-count=8"
    "memorysetup-main-allocator-block-size=16777216"
    "memorysetup-thread-allocator-block-size=16777216"
    "memorysetup-gfx-main-allocator-block-size=16777216"
    "memorysetup-gfx-thread-allocator-block-size=16777216"
    "memorysetup-cache-allocator-block-size=4194304"
    "memorysetup-typetree-allocator-block-size=2097152"
    "memorysetup-profiler-bucket-allocator-granularity=16"
    "memorysetup-profiler-bucket-allocator-bucket-count=8"
    "memorysetup-profiler-bucket-allocator-block-size=33554432"
    "memorysetup-profiler-bucket-allocator-block-count=8"
    "memorysetup-profiler-allocator-block-size=16777216"
    "memorysetup-profiler-editor-allocator-block-size=1048576"
    "memorysetup-temp-allocator-size-main=16777216"
    "memorysetup-job-temp-allocator-block-size=2097152"
    "memorysetup-job-temp-allocator-block-size-background=1048576"
    "memorysetup-job-temp-allocator-reduction-small-platforms=262144"
    "memorysetup-temp-allocator-size-background-worker=32768"
    "memorysetup-temp-allocator-size-job-worker=262144"
    "memorysetup-temp-allocator-size-preload-manager=33554432"
    "memorysetup-temp-allocator-size-nav-mesh-worker=65536"
    "memorysetup-temp-allocator-size-audio-worker=65536"
    "memorysetup-temp-allocator-size-cloud-worker=32768"
    "memorysetup-temp-allocator-size-gi-baking-worker=262144"
    "memorysetup-temp-allocator-size-gfx=262144"
<<<<<<< HEAD
Refreshing native plugins compatible for Editor in 155.68 ms, found 10 plugins.
Preloading 1 native plugins for Editor in 2.14 ms.
=======
Refreshing native plugins compatible for Editor in 271.40 ms, found 10 plugins.
Preloading 1 native plugins for Editor in 2.54 ms.
>>>>>>> f745fc40f0dccdce5a7c0f0f04e07b1d64ce0ffb
Initialize engine version: 2021.3.10f1 (1c7d0df0160b)
[Subsystems] Discovering subsystems at path C:/Program Files/Unity/Hub/Editor/2021.3.10f1/Editor/Data/Resources/UnitySubsystems
[Subsystems] Discovering subsystems at path F:/GameDev/spring-2022-spacegame-vr/AstroQuest/Assets
GfxDevice: creating device client; threaded=0; jobified=0
Direct3D:
    Version:  Direct3D 11.0 [level 11.1]
    Renderer: NVIDIA GeForce GTX 1070 with Max-Q Design (ID=0x1ba1)
    Vendor:   NVIDIA
    VRAM:     8082 MB
    Driver:   30.0.15.1277
Initialize mono
Mono path[0] = 'C:/Program Files/Unity/Hub/Editor/2021.3.10f1/Editor/Data/Managed'
Mono path[1] = 'C:/Program Files/Unity/Hub/Editor/2021.3.10f1/Editor/Data/MonoBleedingEdge/lib/mono/unityjit-win32'
Mono config path = 'C:/Program Files/Unity/Hub/Editor/2021.3.10f1/Editor/Data/MonoBleedingEdge/etc'
<<<<<<< HEAD
Using monoOptions --debugger-agent=transport=dt_socket,embedding=1,server=y,suspend=n,address=127.0.0.1:56100
=======
Using monoOptions --debugger-agent=transport=dt_socket,embedding=1,server=y,suspend=n,address=127.0.0.1:56212
>>>>>>> f745fc40f0dccdce5a7c0f0f04e07b1d64ce0ffb
Begin MonoManager ReloadAssembly
Registering precompiled unity dll's ...
Register platform support module: C:/Program Files/Unity/Hub/Editor/2021.3.10f1/Editor/Data/PlaybackEngines/AndroidPlayer/UnityEditor.Android.Extensions.dll
Register platform support module: C:/Program Files/Unity/Hub/Editor/2021.3.10f1/Editor/Data/PlaybackEngines/WindowsStandaloneSupport/UnityEditor.WindowsStandalone.Extensions.dll
<<<<<<< HEAD
Registered in 0.021747 seconds.
Native extension for WindowsStandalone target not found
Native extension for Android target not found
Refreshing native plugins compatible for Editor in 160.04 ms, found 10 plugins.
Preloading 1 native plugins for Editor in 0.37 ms.
Mono: successfully reloaded assembly
- Completed reload, in  1.219 seconds
Domain Reload Profiling:
	ReloadAssembly (1220ms)
		BeginReloadAssembly (156ms)
=======
Registered in 0.016430 seconds.
Native extension for WindowsStandalone target not found
Native extension for Android target not found
Refreshing native plugins compatible for Editor in 167.25 ms, found 10 plugins.
Preloading 1 native plugins for Editor in 0.37 ms.
Mono: successfully reloaded assembly
- Completed reload, in  1.283 seconds
Domain Reload Profiling:
	ReloadAssembly (1284ms)
		BeginReloadAssembly (165ms)
>>>>>>> f745fc40f0dccdce5a7c0f0f04e07b1d64ce0ffb
			ExecutionOrderSort (0ms)
			DisableScriptedObjects (0ms)
			BackupInstance (0ms)
			ReleaseScriptingObjects (0ms)
			CreateAndSetChildDomain (1ms)
<<<<<<< HEAD
		EndReloadAssembly (850ms)
			LoadAssemblies (150ms)
			RebuildTransferFunctionScriptingTraits (0ms)
			SetupTypeCache (203ms)
			ReleaseScriptCaches (0ms)
			RebuildScriptCaches (48ms)
			SetupLoadedEditorAssemblies (503ms)
				LogAssemblyErrors (0ms)
				InitializePlatformSupportModulesInManaged (94ms)
				SetLoadedEditorAssemblies (0ms)
				RefreshPlugins (161ms)
				BeforeProcessingInitializeOnLoad (2ms)
				ProcessInitializeOnLoadAttributes (161ms)
=======
		EndReloadAssembly (908ms)
			LoadAssemblies (160ms)
			RebuildTransferFunctionScriptingTraits (0ms)
			SetupTypeCache (196ms)
			ReleaseScriptCaches (0ms)
			RebuildScriptCaches (52ms)
			SetupLoadedEditorAssemblies (558ms)
				LogAssemblyErrors (0ms)
				InitializePlatformSupportModulesInManaged (119ms)
				SetLoadedEditorAssemblies (1ms)
				RefreshPlugins (168ms)
				BeforeProcessingInitializeOnLoad (2ms)
				ProcessInitializeOnLoadAttributes (183ms)
>>>>>>> f745fc40f0dccdce5a7c0f0f04e07b1d64ce0ffb
				ProcessInitializeOnLoadMethodAttributes (85ms)
				AfterProcessingInitializeOnLoad (0ms)
				EditorAssembliesLoaded (0ms)
			ExecutionOrderSort2 (0ms)
			AwakeInstancesAfterBackupRestoration (0ms)
Platform modules already initialized, skipping
Registering precompiled user dll's ...
<<<<<<< HEAD
Registered in 0.017206 seconds.
Begin MonoManager ReloadAssembly
Native extension for WindowsStandalone target not found
Native extension for Android target not found
Refreshing native plugins compatible for Editor in 149.23 ms, found 10 plugins.
Preloading 1 native plugins for Editor in 0.13 ms.
Package Manager log level set to [2]
System.Reflection.TargetInvocationException: Exception has been thrown by the target of an invocation. ---> System.NullReferenceException: Object reference not set to an instance of an object
  at Unity.XR.Oculus.OculusLoader.AssetPathToAbsolutePath (System.String assetPath) [0x00040] in F:\GameDev\spring-2022-spacegame-vr\AstroQuest\Library\PackageCache\com.unity.xr.oculus@3.0.2\Runtime\OculusLoader.cs:271 
  at Unity.XR.Oculus.OculusLoader.EditorLoadOVRPlugin () [0x0007b] in F:\GameDev\spring-2022-spacegame-vr\AstroQuest\Library\PackageCache\com.unity.xr.oculus@3.0.2\Runtime\OculusLoader.cs:256 
  at (wrapper managed-to-native) System.Reflection.RuntimeMethodInfo.InternalInvoke(System.Reflection.RuntimeMethodInfo,object,object[],System.Exception&)
  at System.Reflection.RuntimeMethodInfo.Invoke (System.Object obj, System.Reflection.BindingFlags invokeAttr, System.Reflection.Binder binder, System.Object[] parameters, System.Globalization.CultureInfo culture) [0x0006a] in <9aad1b3a47484d63ba2b3985692d80e9>:0 
   --- End of inner exception stack trace ---
  at System.Reflection.RuntimeMethodInfo.Invoke (System.Object obj, System.Reflection.BindingFlags invokeAttr, System.Reflection.Binder binder, System.Object[] parameters, System.Globalization.CultureInfo culture) [0x00083] in <9aad1b3a47484d63ba2b3985692d80e9>:0 
  at System.Reflection.MethodBase.Invoke (System.Object obj, System.Object[] parameters) [0x00000] in <9aad1b3a47484d63ba2b3985692d80e9>:0 
  at UnityEditor.EditorAssemblies.ProcessInitializeOnLoadMethodAttributes () [0x000a5] in <99feab6f3db6407493924fe4a179a95b>:0 
UnityEngine.StackTraceUtility:ExtractStackTrace ()
UnityEngine.DebugLogHandler:LogFormat (UnityEngine.LogType,UnityEngine.Object,string,object[])
UnityEngine.Logger:Log (UnityEngine.LogType,object)
UnityEngine.Debug:LogError (object)
UnityEditor.EditorAssemblies:ProcessInitializeOnLoadMethodAttributes ()

Mono: successfully reloaded assembly
- Completed reload, in  2.511 seconds
Domain Reload Profiling:
	ReloadAssembly (2513ms)
		BeginReloadAssembly (334ms)
			ExecutionOrderSort (0ms)
			DisableScriptedObjects (16ms)
			BackupInstance (0ms)
			ReleaseScriptingObjects (0ms)
			CreateAndSetChildDomain (136ms)
		EndReloadAssembly (1992ms)
			LoadAssemblies (143ms)
			RebuildTransferFunctionScriptingTraits (0ms)
			SetupTypeCache (470ms)
			ReleaseScriptCaches (1ms)
			RebuildScriptCaches (126ms)
			SetupLoadedEditorAssemblies (1154ms)
				LogAssemblyErrors (0ms)
				InitializePlatformSupportModulesInManaged (34ms)
				SetLoadedEditorAssemblies (1ms)
				RefreshPlugins (149ms)
				BeforeProcessingInitializeOnLoad (210ms)
				ProcessInitializeOnLoadAttributes (599ms)
				ProcessInitializeOnLoadMethodAttributes (142ms)
				AfterProcessingInitializeOnLoad (19ms)
				EditorAssembliesLoaded (0ms)
			ExecutionOrderSort2 (0ms)
			AwakeInstancesAfterBackupRestoration (20ms)
Platform modules already initialized, skipping
========================================================================
Worker process is ready to serve import requests
Launched and connected shader compiler UnityShaderCompiler.exe after 0.09 seconds
Refreshing native plugins compatible for Editor in 2.02 ms, found 10 plugins.
Preloading 1 native plugins for Editor in 0.14 ms.
Unloading 4723 Unused Serialized files (Serialized files now loaded: 0)
Unloading 59 unused Assets / (1.0 MB). Loaded Objects now: 5288.
Memory consumption went from 288.7 MB to 287.7 MB.
Total: 8.119600 ms (FindLiveObjects: 0.818600 ms CreateObjectMapping: 0.664600 ms MarkObjects: 5.817900 ms  DeleteObjects: 0.816500 ms)

AssetImportParameters requested are different than current active one (requested -> active):
  custom:video-decoder-ogg-theora: a1e56fd34408186e4bbccfd4996cb3dc -> 
  custom:container-muxer-webm: aa71ff27fc2769a1b78a27578f13a17b -> 
  custom:container-demuxer-webm: 4f35f7cbe854078d1ac9338744f61a02 -> 
  custom:video-encoder-webm-vp8: eb34c28f22e8b96e1ab97ce403110664 -> 
  custom:audio-encoder-webm-vorbis: bf7c407c2cedff20999df2af8eb42d56 -> 
  custom:framework-win-MediaFoundation: 216162199b28c13a410421893ffa2e32 -> 
  custom:container-demuxer-ogg: 62fdf1f143b41e24485cea50d1cbac27 -> 
  custom:video-decoder-webm-vp8: 9c59270c3fd7afecdb556c50c9e8de78 -> 
  custom:audio-decoder-ogg-vorbis: bf7c407c2cedff20999df2af8eb42d56 -> 
========================================================================
Received Import Request.
  Time since last request: 630211.601249 seconds.
  path: Assets/Protofactor-Common/Animations
  artifactKey: Guid(d536a461595bec24989a23433c9772c9) Importer(815301076,1909f56bfc062723c751e8b465ee728b)
Start importing Assets/Protofactor-Common/Animations using Guid(d536a461595bec24989a23433c9772c9) Importer(815301076,1909f56bfc062723c751e8b465ee728b)  -> (artifact id: '35303890176718a0b61f3f1e1ac2057b') in 0.030366 seconds 
========================================================================
Received Import Request.
  Time since last request: 107.466207 seconds.
  path: Assets/AutoHand/Examples/Materials/Black Rubber.mat
  artifactKey: Guid(60158c1f5a888be49b0e486812385af4) Importer(815301076,1909f56bfc062723c751e8b465ee728b)
Start importing Assets/AutoHand/Examples/Materials/Black Rubber.mat using Guid(60158c1f5a888be49b0e486812385af4) Importer(815301076,1909f56bfc062723c751e8b465ee728b)  -> (artifact id: '3705855e5134afcd40f217f197be2ac2') in 0.711628 seconds 
========================================================================
Received Import Request.
  Time since last request: 0.000048 seconds.
  path: Assets/AutoHand/Examples/Materials/White.mat
  artifactKey: Guid(7ddcdf368990e454ca3a6f892b1c0ce9) Importer(815301076,1909f56bfc062723c751e8b465ee728b)
Start importing Assets/AutoHand/Examples/Materials/White.mat using Guid(7ddcdf368990e454ca3a6f892b1c0ce9) Importer(815301076,1909f56bfc062723c751e8b465ee728b)  -> (artifact id: 'ece945619b8593d7540041654a4f2701') in 0.057905 seconds 
========================================================================
Received Import Request.
  Time since last request: 0.000054 seconds.
  path: Assets/AutoHand/Examples/Materials/CartoonHand.mat
  artifactKey: Guid(b162ef23777565149841de7200eb96f6) Importer(815301076,1909f56bfc062723c751e8b465ee728b)
Start importing Assets/AutoHand/Examples/Materials/CartoonHand.mat using Guid(b162ef23777565149841de7200eb96f6) Importer(815301076,1909f56bfc062723c751e8b465ee728b)  -> (artifact id: '4c00f1ff731c1b3cfbc36b6c6ef4ec0d') in 0.080003 seconds 
========================================================================
Received Import Request.
  Time since last request: 0.000039 seconds.
  path: Assets/AutoHand/Examples/Materials/Grey Light.mat
  artifactKey: Guid(4ec0b47f52dcdc24f9b0e24ba499d3db) Importer(815301076,1909f56bfc062723c751e8b465ee728b)
Start importing Assets/AutoHand/Examples/Materials/Grey Light.mat using Guid(4ec0b47f52dcdc24f9b0e24ba499d3db) Importer(815301076,1909f56bfc062723c751e8b465ee728b)  -> (artifact id: '9d95ba44b3e9cb36a5cf1eb0ec033f34') in 0.076884 seconds 
========================================================================
Received Import Request.
  Time since last request: 0.000037 seconds.
  path: Assets/AutoHand/Examples/Materials/Gold Metal.mat
  artifactKey: Guid(060a529cb79282740b2718083890d1b0) Importer(815301076,1909f56bfc062723c751e8b465ee728b)
Start importing Assets/AutoHand/Examples/Materials/Gold Metal.mat using Guid(060a529cb79282740b2718083890d1b0) Importer(815301076,1909f56bfc062723c751e8b465ee728b)  -> (artifact id: 'a6bdf8c0788ffd0ea7f8d4b71c5255dc') in 0.073532 seconds 
========================================================================
Received Import Request.
  Time since last request: 0.000057 seconds.
  path: Assets/AutoHand/Examples/Materials/Grid Metal 2.mat
  artifactKey: Guid(866c139920bfd07469ab89476b44825c) Importer(815301076,1909f56bfc062723c751e8b465ee728b)
Start importing Assets/AutoHand/Examples/Materials/Grid Metal 2.mat using Guid(866c139920bfd07469ab89476b44825c) Importer(815301076,1909f56bfc062723c751e8b465ee728b)  -> (artifact id: 'f5e43c4878cd2e2ef53b8454cb4219a9') in 0.114035 seconds 
========================================================================
Received Import Request.
  Time since last request: 0.000075 seconds.
  path: Assets/AutoHand/Examples/Materials/GunHighlights.mat
  artifactKey: Guid(7a156f7d45177bc42adb509591520010) Importer(815301076,1909f56bfc062723c751e8b465ee728b)
Start importing Assets/AutoHand/Examples/Materials/GunHighlights.mat using Guid(7a156f7d45177bc42adb509591520010) Importer(815301076,1909f56bfc062723c751e8b465ee728b)  -> (artifact id: '45fb3f48aadfab3c5cd1958b0bf341f4') in 0.067075 seconds 
========================================================================
Received Import Request.
  Time since last request: 0.000044 seconds.
  path: Assets/AutoHand/Examples/Materials/Gold.mat
  artifactKey: Guid(77ac1f040dfb0524d85fc8b813eb1e49) Importer(815301076,1909f56bfc062723c751e8b465ee728b)
Start importing Assets/AutoHand/Examples/Materials/Gold.mat using Guid(77ac1f040dfb0524d85fc8b813eb1e49) Importer(815301076,1909f56bfc062723c751e8b465ee728b)  -> (artifact id: '9593b6004f08ca2ca8c00353568084e4') in 0.064112 seconds 
========================================================================
Received Import Request.
  Time since last request: 0.000041 seconds.
  path: Assets/AutoHand/Examples/Materials/InformationIcon.mat
  artifactKey: Guid(176866fa306ba414c8d1d0232d5e0cc3) Importer(815301076,1909f56bfc062723c751e8b465ee728b)
Start importing Assets/AutoHand/Examples/Materials/InformationIcon.mat using Guid(176866fa306ba414c8d1d0232d5e0cc3) Importer(815301076,1909f56bfc062723c751e8b465ee728b)  -> (artifact id: '0088e0352770077ffac7dc36025c985a') in 0.069693 seconds 
========================================================================
Received Import Request.
  Time since last request: 0.000044 seconds.
  path: Assets/AutoHand/Examples/Materials/SmashTaco.mat
  artifactKey: Guid(d4f2bf4aecfff924895a37c921883db5) Importer(815301076,1909f56bfc062723c751e8b465ee728b)
Start importing Assets/AutoHand/Examples/Materials/SmashTaco.mat using Guid(d4f2bf4aecfff924895a37c921883db5) Importer(815301076,1909f56bfc062723c751e8b465ee728b)  -> (artifact id: '624f55f43ff61dc45e59c011be579f9e') in 0.065440 seconds 
========================================================================
Received Import Request.
  Time since last request: 0.000070 seconds.
  path: Assets/AutoHand/Examples/Materials/Blue.mat
  artifactKey: Guid(4f7ac604eff3ce44c92d5c1ab400fa69) Importer(815301076,1909f56bfc062723c751e8b465ee728b)
Start importing Assets/AutoHand/Examples/Materials/Blue.mat using Guid(4f7ac604eff3ce44c92d5c1ab400fa69) Importer(815301076,1909f56bfc062723c751e8b465ee728b)  -> (artifact id: '2cb6bb621e9a281d192e08c4beaf630c') in 0.059649 seconds 
========================================================================
Received Import Request.
  Time since last request: 0.000041 seconds.
  path: Assets/AutoHand/Examples/Materials/robot_Roughness.mat
  artifactKey: Guid(93ad1d8ba4d32924d8350ad986f4c73a) Importer(815301076,1909f56bfc062723c751e8b465ee728b)
Start importing Assets/AutoHand/Examples/Materials/robot_Roughness.mat using Guid(93ad1d8ba4d32924d8350ad986f4c73a) Importer(815301076,1909f56bfc062723c751e8b465ee728b)  -> (artifact id: '1c1b93ef54708e6703e0d2a8833e9671') in 0.049089 seconds 
========================================================================
Received Import Request.
  Time since last request: 0.000033 seconds.
  path: Assets/AutoHand/Examples/Materials/Particle.mat
  artifactKey: Guid(27689c074f0479347a04bb3c3170e09d) Importer(815301076,1909f56bfc062723c751e8b465ee728b)
Start importing Assets/AutoHand/Examples/Materials/Particle.mat using Guid(27689c074f0479347a04bb3c3170e09d) Importer(815301076,1909f56bfc062723c751e8b465ee728b)  -> (artifact id: '51f057ad7832ed905bbcf77516c4a315') in 0.065157 seconds 
========================================================================
Received Import Request.
  Time since last request: 0.000037 seconds.
  path: Assets/AutoHand/Examples/Materials/GreyDevGrid_Diffuse.mat
  artifactKey: Guid(6d918f38df8a649468d5e740775c9377) Importer(815301076,1909f56bfc062723c751e8b465ee728b)
Start importing Assets/AutoHand/Examples/Materials/GreyDevGrid_Diffuse.mat using Guid(6d918f38df8a649468d5e740775c9377) Importer(815301076,1909f56bfc062723c751e8b465ee728b)  -> (artifact id: '4a4f0707eb7a69d0af2d15635e968344') in 0.067263 seconds 
========================================================================
Received Import Request.
  Time since last request: 0.000064 seconds.
  path: Assets/AutoHand/Examples/Materials/Transparent2.mat
  artifactKey: Guid(5af1d6bebdcd72b4284e7458b1aa4e8d) Importer(815301076,1909f56bfc062723c751e8b465ee728b)
Start importing Assets/AutoHand/Examples/Materials/Transparent2.mat using Guid(5af1d6bebdcd72b4284e7458b1aa4e8d) Importer(815301076,1909f56bfc062723c751e8b465ee728b)  -> (artifact id: '3a0c323ada1c76ad9996f170d73a8813') in 0.066997 seconds 
========================================================================
Received Import Request.
  Time since last request: 0.000055 seconds.
  path: Assets/AutoHand/Examples/Materials/GreyDevGrid_Diffuse 1.mat
  artifactKey: Guid(aee382a3129b1874895c356f6f99538c) Importer(815301076,1909f56bfc062723c751e8b465ee728b)
Start importing Assets/AutoHand/Examples/Materials/GreyDevGrid_Diffuse 1.mat using Guid(aee382a3129b1874895c356f6f99538c) Importer(815301076,1909f56bfc062723c751e8b465ee728b)  -> (artifact id: 'd13d3dad51f78fa9a37676d3b31d24d1') in 0.069156 seconds 
========================================================================
Received Import Request.
  Time since last request: 0.000034 seconds.
  path: Assets/AutoHand/Examples/Materials/SemiTransparent 1.mat
  artifactKey: Guid(514554cea66ad224eb5aaa7398fb0efa) Importer(815301076,1909f56bfc062723c751e8b465ee728b)
Start importing Assets/AutoHand/Examples/Materials/SemiTransparent 1.mat using Guid(514554cea66ad224eb5aaa7398fb0efa) Importer(815301076,1909f56bfc062723c751e8b465ee728b)  -> (artifact id: '8ed0395d53180ebf8fbd6ff2e1568733') in 0.060872 seconds 
========================================================================
Received Import Request.
  Time since last request: 0.000043 seconds.
  path: Assets/AutoHand/Examples/Materials/Sample.mat
  artifactKey: Guid(0a091f99cd36e9c4f8a2a4ad7e5c0201) Importer(815301076,1909f56bfc062723c751e8b465ee728b)
Start importing Assets/AutoHand/Examples/Materials/Sample.mat using Guid(0a091f99cd36e9c4f8a2a4ad7e5c0201) Importer(815301076,1909f56bfc062723c751e8b465ee728b)  -> (artifact id: '15cea8ff7c259509a35fa07c5db618a6') in 0.422354 seconds 
========================================================================
Received Import Request.
  Time since last request: 0.000055 seconds.
  path: Assets/AutoHand/Examples/Materials/Shiny Metal.mat
  artifactKey: Guid(9c22cd5290acd8641b99c59749f36280) Importer(815301076,1909f56bfc062723c751e8b465ee728b)
Start importing Assets/AutoHand/Examples/Materials/Shiny Metal.mat using Guid(9c22cd5290acd8641b99c59749f36280) Importer(815301076,1909f56bfc062723c751e8b465ee728b)  -> (artifact id: 'bfb2d304c6f95c824c638027f5389112') in 0.060601 seconds 
========================================================================
Received Import Request.
  Time since last request: 0.000042 seconds.
  path: Assets/AutoHand/Examples/Materials/TeleportIndicator.mat
  artifactKey: Guid(3067e6bb4969b8e419c15a91aefd3810) Importer(815301076,1909f56bfc062723c751e8b465ee728b)
Start importing Assets/AutoHand/Examples/Materials/TeleportIndicator.mat using Guid(3067e6bb4969b8e419c15a91aefd3810) Importer(815301076,1909f56bfc062723c751e8b465ee728b)  -> (artifact id: '98d35144fef66cedf0381098cad02c57') in 0.056813 seconds 
========================================================================
Received Import Request.
  Time since last request: 0.000038 seconds.
  path: Assets/AutoHand/Examples/Materials/Glass.mat
  artifactKey: Guid(35a711cb34eace54bbba5fd1d8be9494) Importer(815301076,1909f56bfc062723c751e8b465ee728b)
Start importing Assets/AutoHand/Examples/Materials/Glass.mat using Guid(35a711cb34eace54bbba5fd1d8be9494) Importer(815301076,1909f56bfc062723c751e8b465ee728b)  -> (artifact id: '197fc96fd6b9e53f8a9d5b56ef919c65') in 0.066348 seconds 
========================================================================
Received Import Request.
  Time since last request: 0.000066 seconds.
  path: Assets/AutoHand/Examples/Materials/Green Plastic.mat
  artifactKey: Guid(17aca4257f7004143ab9519401bb0c13) Importer(815301076,1909f56bfc062723c751e8b465ee728b)
Start importing Assets/AutoHand/Examples/Materials/Green Plastic.mat using Guid(17aca4257f7004143ab9519401bb0c13) Importer(815301076,1909f56bfc062723c751e8b465ee728b)  -> (artifact id: '68884f6ce4913cfe79daf4fb63ee01ef') in 0.062064 seconds 
Editor requested this worker to shutdown with reason: Scaling down because of idle timeout
AssetImportWorker is now disconnected from the server
Process exiting
Exiting without the bug reporter. Application will terminate with return code 0
=======
Registered in 0.018325 seconds.
Android Extension - Scanning For ADB Devices 5473 ms
>>>>>>> f745fc40f0dccdce5a7c0f0f04e07b1d64ce0ffb
