Using pre-set license
Built from '2020.3/staging' branch; Version is '2020.3.23f1 (c5d91304a876) revision 12966163'; Using compiler version '192528614'; Build Type 'Release'
OS: 'Windows 10 Home China; OS build 19044.1526; Version 2009; 64bit' Language: 'zh' Physical Memory: 16127 MB
BatchMode: 1, IsHumanControllingUs: 0, StartBugReporterOnCrash: 0, Is64bit: 1, IsPro: 0

COMMAND LINE ARGUMENTS:
D:\Unity Hub\2020.3.23f1\Editor\Unity.exe
-adb2
-batchMode
-noUpm
-name
AssetImportWorker0
-projectPath
D:/1C-UnityProjects/spring-2022-spacegame-vr/AstroQuest
-logFile
Logs/AssetImportWorker0.log
-srvPort
59349
Successfully changed project path to: D:/1C-UnityProjects/spring-2022-spacegame-vr/AstroQuest
D:/1C-UnityProjects/spring-2022-spacegame-vr/AstroQuest
Using Asset Import Pipeline V2.
Refreshing native plugins compatible for Editor in 477.00 ms, found 10 plugins.
Preloading 1 native plugins for Editor in 10.72 ms.
Initialize engine version: 2020.3.23f1 (c5d91304a876)
[Subsystems] Discovering subsystems at path D:/Unity Hub/2020.3.23f1/Editor/Data/Resources/UnitySubsystems
[Subsystems] Discovering subsystems at path D:/1C-UnityProjects/spring-2022-spacegame-vr/AstroQuest/Assets
GfxDevice: creating device client; threaded=0
Direct3D:
    Version:  Direct3D 11.0 [level 11.1]
    Renderer: Intel(R) Iris(R) Plus Graphics (ID=0x8a5a)
    Vendor:   
    VRAM:     8063 MB
    Driver:   27.20.100.9466
Initialize mono
Mono path[0] = 'D:/Unity Hub/2020.3.23f1/Editor/Data/Managed'
Mono path[1] = 'D:/Unity Hub/2020.3.23f1/Editor/Data/MonoBleedingEdge/lib/mono/unityjit'
Mono config path = 'D:/Unity Hub/2020.3.23f1/Editor/Data/MonoBleedingEdge/etc'
Using monoOptions --debugger-agent=transport=dt_socket,embedding=1,server=y,suspend=n,address=127.0.0.1:56220
Begin MonoManager ReloadAssembly
Registering precompiled unity dll's ...
Register platform support module: D:/Unity Hub/2020.3.23f1/Editor/Data/PlaybackEngines/WindowsStandaloneSupport/UnityEditor.WindowsStandalone.Extensions.dll
Registered in 0.006606 seconds.
Native extension for WindowsStandalone target not found
Refreshing native plugins compatible for Editor in 326.59 ms, found 10 plugins.
Preloading 1 native plugins for Editor in 0.11 ms.
Mono: successfully reloaded assembly
- Completed reload, in  3.616 seconds
Domain Reload Profiling:
	ReloadAssembly (3617ms)
		BeginReloadAssembly (342ms)
			ExecutionOrderSort (0ms)
			DisableScriptedObjects (0ms)
			BackupInstance (0ms)
			ReleaseScriptingObjects (0ms)
			CreateAndSetChildDomain (4ms)
		EndReloadAssembly (2920ms)
			LoadAssemblies (341ms)
			RebuildTransferFunctionScriptingTraits (0ms)
			SetupTypeCache (1573ms)
			ReleaseScriptCaches (0ms)
			RebuildScriptCaches (122ms)
			SetupLoadedEditorAssemblies (765ms)
				LogAssemblyErrors (0ms)
				InitializePlatformSupportModulesInManaged (19ms)
				SetLoadedEditorAssemblies (1ms)
				RefreshPlugins (327ms)
				BeforeProcessingInitializeOnLoad (30ms)
				ProcessInitializeOnLoadAttributes (305ms)
				ProcessInitializeOnLoadMethodAttributes (83ms)
				AfterProcessingInitializeOnLoad (0ms)
				EditorAssembliesLoaded (0ms)
			ExecutionOrderSort2 (0ms)
			AwakeInstancesAfterBackupRestoration (0ms)
Platform modules already initialized, skipping
Registering precompiled user dll's ...
Registered in 0.029544 seconds.
Begin MonoManager ReloadAssembly
Native extension for WindowsStandalone target not found
Refreshing native plugins compatible for Editor in 200.34 ms, found 10 plugins.
Preloading 1 native plugins for Editor in 0.14 ms.
[XR] OculusXRPlugin: registering subsystems
[XR] Unable to register display lifecyle provider: [1]
[XR] Oculus Input lifecycle provider registered.
[XR] Unable to register input lifecyle provider: [1]
System.Reflection.TargetInvocationException: Exception has been thrown by the target of an invocation. ---> System.NullReferenceException: Object reference not set to an instance of an object
  at Unity.XR.Oculus.OculusLoader.AssetPathToAbsolutePath (System.String assetPath) [0x0004e] in <4a905d1d767140839e8f8a73a87916dc>:0 
  at Unity.XR.Oculus.OculusLoader.EditorLoadOVRPlugin () [0x0007b] in <4a905d1d767140839e8f8a73a87916dc>:0 
  at (wrapper managed-to-native) System.Reflection.MonoMethod.InternalInvoke(System.Reflection.MonoMethod,object,object[],System.Exception&)
  at System.Reflection.MonoMethod.Invoke (System.Object obj, System.Reflection.BindingFlags invokeAttr, System.Reflection.Binder binder, System.Object[] parameters, System.Globalization.CultureInfo culture) [0x00032] in <695d1cc93cca45069c528c15c9fdd749>:0 
   --- End of inner exception stack trace ---
  at System.Reflection.MonoMethod.Invoke (System.Object obj, System.Reflection.BindingFlags invokeAttr, System.Reflection.Binder binder, System.Object[] parameters, System.Globalization.CultureInfo culture) [0x00048] in <695d1cc93cca45069c528c15c9fdd749>:0 
  at System.Reflection.MethodBase.Invoke (System.Object obj, System.Object[] parameters) [0x00000] in <695d1cc93cca45069c528c15c9fdd749>:0 
  at UnityEditor.EditorAssemblies.ProcessInitializeOnLoadMethodAttributes () [0x00047] in <ad50112e30b445fdbf80d5814c3cbcf6>:0 
UnityEngine.StackTraceUtility:ExtractStackTrace ()
UnityEngine.DebugLogHandler:LogFormat (UnityEngine.LogType,UnityEngine.Object,string,object[])
UnityEngine.Logger:Log (UnityEngine.LogType,object)
UnityEngine.Debug:LogError (object)
UnityEditor.EditorAssemblies:ProcessInitializeOnLoadMethodAttributes ()

Mono: successfully reloaded assembly
- Completed reload, in  4.230 seconds
Domain Reload Profiling:
	ReloadAssembly (4232ms)
		BeginReloadAssembly (855ms)
			ExecutionOrderSort (0ms)
			DisableScriptedObjects (31ms)
			BackupInstance (0ms)
			ReleaseScriptingObjects (0ms)
			CreateAndSetChildDomain (66ms)
		EndReloadAssembly (3193ms)
			LoadAssemblies (417ms)
			RebuildTransferFunctionScriptingTraits (0ms)
			SetupTypeCache (1026ms)
			ReleaseScriptCaches (1ms)
			RebuildScriptCaches (151ms)
			SetupLoadedEditorAssemblies (1365ms)
				LogAssemblyErrors (0ms)
				InitializePlatformSupportModulesInManaged (7ms)
				SetLoadedEditorAssemblies (1ms)
				RefreshPlugins (201ms)
				BeforeProcessingInitializeOnLoad (271ms)
				ProcessInitializeOnLoadAttributes (819ms)
				ProcessInitializeOnLoadMethodAttributes (59ms)
				AfterProcessingInitializeOnLoad (6ms)
				EditorAssembliesLoaded (0ms)
			ExecutionOrderSort2 (0ms)
			AwakeInstancesAfterBackupRestoration (14ms)
Platform modules already initialized, skipping
========================================================================
Worker process is ready to serve import requests
Launched and connected shader compiler UnityShaderCompiler.exe after 0.12 seconds
Refreshing native plugins compatible for Editor in 2.29 ms, found 10 plugins.
Preloading 1 native plugins for Editor in 0.10 ms.
Unloading 3749 Unused Serialized files (Serialized files now loaded: 0)
System memory in use before: 244.0 MB.
System memory in use after: 244.2 MB.

Unloading 42 unused Assets to reduce memory usage. Loaded Objects now: 4204.
Total: 8.590900 ms (FindLiveObjects: 0.604000 ms CreateObjectMapping: 0.264400 ms MarkObjects: 7.527800 ms  DeleteObjects: 0.191900 ms)

AssetImportParameters requested are different than current active one (requested -> active):
  custom:framework-win-MediaFoundation: 216162199b28c13a410421893ffa2e32 -> 
  custom:video-decoder-ogg-theora: a1e56fd34408186e4bbccfd4996cb3dc -> 
  custom:container-muxer-webm: aa71ff27fc2769a1b78a27578f13a17b -> 
  custom:container-demuxer-webm: 4f35f7cbe854078d1ac9338744f61a02 -> 
  custom:container-demuxer-ogg: 62fdf1f143b41e24485cea50d1cbac27 -> 
  custom:video-encoder-webm-vp8: eb34c28f22e8b96e1ab97ce403110664 -> 
  custom:video-codec-MediaFoundation-h265: 746d11721c4dcdbdad8f713fa42b33f4 -> 
  custom:video-decoder-webm-vp8: 9c59270c3fd7afecdb556c50c9e8de78 -> 
  custom:audio-decoder-ogg-vorbis: bf7c407c2cedff20999df2af8eb42d56 -> 
  custom:audio-encoder-webm-vorbis: bf7c407c2cedff20999df2af8eb42d56 -> 
========================================================================
Received Import Request.
  path: Assets/Readme.asset
  artifactKey: Guid(83c2ed844a8c74b779a4c823d16594b1) Importer(815301076,1909f56bfc062723c751e8b465ee728b)
Start importing Assets/Readme.asset using Guid(83c2ed844a8c74b779a4c823d16594b1) Importer(815301076,1909f56bfc062723c751e8b465ee728b)  -> (artifact id: '7c3b9f17ff219922461d349995487975') in 0.081518 seconds 
  Import took 0.096419 seconds .

========================================================================
Received Import Request.
  Time since last request: 21.902023 seconds.
  path: Assets/Scenes/AFC Demo 1.unity
  artifactKey: Guid(081f64a1b6db86643af811bec69d2729) Importer(815301076,1909f56bfc062723c751e8b465ee728b)
Start importing Assets/Scenes/AFC Demo 1.unity using Guid(081f64a1b6db86643af811bec69d2729) Importer(815301076,1909f56bfc062723c751e8b465ee728b)  -> (artifact id: '702b3032f2a5267885d6480095df9135') in 0.006021 seconds 
  Import took 0.020481 seconds .

========================================================================
Received Import Request.
  Time since last request: 2.472854 seconds.
  path: Assets/Scenes/SampleScene.unity
  artifactKey: Guid(d1c3109bdb54ad54c8a2b2838528e640) Importer(815301076,1909f56bfc062723c751e8b465ee728b)
Start importing Assets/Scenes/SampleScene.unity using Guid(d1c3109bdb54ad54c8a2b2838528e640) Importer(815301076,1909f56bfc062723c751e8b465ee728b)  -> (artifact id: '0e38376f9138fe8afc43c3eed87c8397') in 0.018930 seconds 
  Import took 0.062150 seconds .

========================================================================
Received Import Request.
  Time since last request: 3.784219 seconds.
  path: Assets/Scenes/New Scene.unity
  artifactKey: Guid(9102bd42ba161244f9799935f4a85197) Importer(815301076,1909f56bfc062723c751e8b465ee728b)
Start importing Assets/Scenes/New Scene.unity using Guid(9102bd42ba161244f9799935f4a85197) Importer(815301076,1909f56bfc062723c751e8b465ee728b)  -> (artifact id: '646fb9577cd98bae6d03ed89370491ba') in 0.012576 seconds 
  Import took 0.036833 seconds .

========================================================================
Received Prepare
Registering precompiled user dll's ...
Registered in 0.062824 seconds.
Begin MonoManager ReloadAssembly
Native extension for WindowsStandalone target not found
Refreshing native plugins compatible for Editor in 4.50 ms, found 10 plugins.
Preloading 1 native plugins for Editor in 0.66 ms.
System.Reflection.TargetInvocationException: Exception has been thrown by the target of an invocation. ---> System.NullReferenceException: Object reference not set to an instance of an object
  at Unity.XR.Oculus.OculusLoader.AssetPathToAbsolutePath (System.String assetPath) [0x0004e] in <4a905d1d767140839e8f8a73a87916dc>:0 
  at Unity.XR.Oculus.OculusLoader.EditorLoadOVRPlugin () [0x0007b] in <4a905d1d767140839e8f8a73a87916dc>:0 
  at (wrapper managed-to-native) System.Reflection.MonoMethod.InternalInvoke(System.Reflection.MonoMethod,object,object[],System.Exception&)
  at System.Reflection.MonoMethod.Invoke (System.Object obj, System.Reflection.BindingFlags invokeAttr, System.Reflection.Binder binder, System.Object[] parameters, System.Globalization.CultureInfo culture) [0x00032] in <695d1cc93cca45069c528c15c9fdd749>:0 
   --- End of inner exception stack trace ---
  at System.Reflection.MonoMethod.Invoke (System.Object obj, System.Reflection.BindingFlags invokeAttr, System.Reflection.Binder binder, System.Object[] parameters, System.Globalization.CultureInfo culture) [0x00048] in <695d1cc93cca45069c528c15c9fdd749>:0 
  at System.Reflection.MethodBase.Invoke (System.Object obj, System.Object[] parameters) [0x00000] in <695d1cc93cca45069c528c15c9fdd749>:0 
  at UnityEditor.EditorAssemblies.ProcessInitializeOnLoadMethodAttributes () [0x00047] in <ad50112e30b445fdbf80d5814c3cbcf6>:0 
UnityEngine.StackTraceUtility:ExtractStackTrace ()
UnityEngine.DebugLogHandler:LogFormat (UnityEngine.LogType,UnityEngine.Object,string,object[])
UnityEngine.Logger:Log (UnityEngine.LogType,object)
UnityEngine.Debug:LogError (object)
UnityEditor.EditorAssemblies:ProcessInitializeOnLoadMethodAttributes ()

Mono: successfully reloaded assembly
- Completed reload, in  9.230 seconds
Domain Reload Profiling:
	ReloadAssembly (9232ms)
		BeginReloadAssembly (880ms)
			ExecutionOrderSort (0ms)
			DisableScriptedObjects (32ms)
			BackupInstance (0ms)
			ReleaseScriptingObjects (1ms)
			CreateAndSetChildDomain (231ms)
		EndReloadAssembly (7876ms)
			LoadAssemblies (860ms)
			RebuildTransferFunctionScriptingTraits (0ms)
			SetupTypeCache (2982ms)
			ReleaseScriptCaches (8ms)
			RebuildScriptCaches (334ms)
			SetupLoadedEditorAssemblies (2883ms)
				LogAssemblyErrors (0ms)
				InitializePlatformSupportModulesInManaged (28ms)
				SetLoadedEditorAssemblies (5ms)
				RefreshPlugins (6ms)
				BeforeProcessingInitializeOnLoad (554ms)
				ProcessInitializeOnLoadAttributes (2131ms)
				ProcessInitializeOnLoadMethodAttributes (133ms)
				AfterProcessingInitializeOnLoad (24ms)
				EditorAssembliesLoaded (2ms)
			ExecutionOrderSort2 (0ms)
			AwakeInstancesAfterBackupRestoration (86ms)
Platform modules already initialized, skipping
Refreshing native plugins compatible for Editor in 6.89 ms, found 10 plugins.
Preloading 1 native plugins for Editor in 0.44 ms.
Unloading 3619 Unused Serialized files (Serialized files now loaded: 0)
System memory in use before: 236.3 MB.
System memory in use after: 236.5 MB.

Unloading 35 unused Assets to reduce memory usage. Loaded Objects now: 4207.
Total: 25.253800 ms (FindLiveObjects: 3.137200 ms CreateObjectMapping: 1.047600 ms MarkObjects: 20.848000 ms  DeleteObjects: 0.211500 ms)

AssetImportParameters requested are different than current active one (requested -> active):
  custom:framework-win-MediaFoundation: 216162199b28c13a410421893ffa2e32 -> 
  custom:video-decoder-ogg-theora: a1e56fd34408186e4bbccfd4996cb3dc -> 
  custom:container-muxer-webm: aa71ff27fc2769a1b78a27578f13a17b -> 
  custom:container-demuxer-webm: 4f35f7cbe854078d1ac9338744f61a02 -> 
  custom:container-demuxer-ogg: 62fdf1f143b41e24485cea50d1cbac27 -> 
  custom:video-encoder-webm-vp8: eb34c28f22e8b96e1ab97ce403110664 -> 
  custom:video-codec-MediaFoundation-h265: 746d11721c4dcdbdad8f713fa42b33f4 -> 
  custom:video-decoder-webm-vp8: 9c59270c3fd7afecdb556c50c9e8de78 -> 
  custom:audio-decoder-ogg-vorbis: bf7c407c2cedff20999df2af8eb42d56 -> 
  custom:audio-encoder-webm-vorbis: bf7c407c2cedff20999df2af8eb42d56 -> 
========================================================================
Received Import Request.
  Time since last request: 69.288942 seconds.
  path: Assets/Models/Extra Models/carrier 1.fbx
  artifactKey: Guid(c087763da56f12349b905c3a9a6175b3) Importer(815301076,1909f56bfc062723c751e8b465ee728b)
Start importing Assets/Models/Extra Models/carrier 1.fbx using Guid(c087763da56f12349b905c3a9a6175b3) Importer(815301076,1909f56bfc062723c751e8b465ee728b)  -> (artifact id: '5b82b87d8c16cf53a312bbf22a4500d1') in 0.691640 seconds 
  Import took 0.704288 seconds .

========================================================================
Received Import Request.
  Time since last request: 18.489523 seconds.
  path: Assets/Models/Extra Models/destroyer01.obj
  artifactKey: Guid(b135dfb3d3bbf0e4bb0d3120779958a8) Importer(815301076,1909f56bfc062723c751e8b465ee728b)
Start importing Assets/Models/Extra Models/destroyer01.obj using Guid(b135dfb3d3bbf0e4bb0d3120779958a8) Importer(815301076,1909f56bfc062723c751e8b465ee728b)  -> (artifact id: 'b99f495ea8e2e2b678f2cc5774f027c3') in 0.119778 seconds 
  Import took 0.132955 seconds .

========================================================================
Received Import Request.
  Time since last request: 3.152739 seconds.
  path: Assets/Models/Extra Models/Spacestation_Structure_Fuselage_Curved_Outer_Mid.obj
  artifactKey: Guid(65ef9f33430672246a6a80cc23037829) Importer(815301076,1909f56bfc062723c751e8b465ee728b)
Start importing Assets/Models/Extra Models/Spacestation_Structure_Fuselage_Curved_Outer_Mid.obj using Guid(65ef9f33430672246a6a80cc23037829) Importer(815301076,1909f56bfc062723c751e8b465ee728b)  -> (artifact id: '157baa295e5d9627973088c05f89fe53') in 0.083576 seconds 
  Import took 0.093841 seconds .

========================================================================
Received Import Request.
  Time since last request: 4.090425 seconds.
  path: Assets/Models/Extra Models/turret03.fbx
  artifactKey: Guid(94a754b6d2217b04e8e142808656b2d1) Importer(815301076,1909f56bfc062723c751e8b465ee728b)
Start importing Assets/Models/Extra Models/turret03.fbx using Guid(94a754b6d2217b04e8e142808656b2d1) Importer(815301076,1909f56bfc062723c751e8b465ee728b)  -> (artifact id: '916a05bd93fbf3eaf42c451fb11e3e7b') in 0.077507 seconds 
  Import took 0.090851 seconds .

========================================================================
Received Import Request.
  Time since last request: 1.405809 seconds.
  path: Assets/Models/Extra Models/turret01.fbx
  artifactKey: Guid(c909ab8574bc5194eb79a0c1e10e9a64) Importer(815301076,1909f56bfc062723c751e8b465ee728b)
Start importing Assets/Models/Extra Models/turret01.fbx using Guid(c909ab8574bc5194eb79a0c1e10e9a64) Importer(815301076,1909f56bfc062723c751e8b465ee728b)  -> (artifact id: '16b4e969bb3be6ff4581a27e7ede1b5e') in 0.090111 seconds 
  Import took 0.102670 seconds .

========================================================================
Received Import Request.
  Time since last request: 11.778230 seconds.
  path: Assets/Models/Extra Models/carrier.fbx
  artifactKey: Guid(8e15e234d7c84654795e2583112c1390) Importer(815301076,1909f56bfc062723c751e8b465ee728b)
Start importing Assets/Models/Extra Models/carrier.fbx using Guid(8e15e234d7c84654795e2583112c1390) Importer(815301076,1909f56bfc062723c751e8b465ee728b)  -> (artifact id: 'dac7d6a10ece4644aa363f70568da6f3') in 0.071299 seconds 
  Import took 0.083836 seconds .

========================================================================
Received Import Request.
  Time since last request: 0.991471 seconds.
  path: Assets/Models/Extra Models/SK_EliteTrooper 1.FBX
  artifactKey: Guid(ffb18fdd1342f16408cb10825751cead) Importer(815301076,1909f56bfc062723c751e8b465ee728b)
Start importing Assets/Models/Extra Models/SK_EliteTrooper 1.FBX using Guid(ffb18fdd1342f16408cb10825751cead) Importer(815301076,1909f56bfc062723c751e8b465ee728b)  -> (artifact id: '6ea4ea929b626716591024cf0bcf2518') in 0.261699 seconds 
  Import took 0.273769 seconds .

========================================================================
Received Import Request.
  Time since last request: 1.079467 seconds.
  path: Assets/Models/Extra Models/SK_EliteTrooper_LowPoly 1.fbx
  artifactKey: Guid(6559ff850760ba844a0c9d6f4bc7e9bf) Importer(815301076,1909f56bfc062723c751e8b465ee728b)
Start importing Assets/Models/Extra Models/SK_EliteTrooper_LowPoly 1.fbx using Guid(6559ff850760ba844a0c9d6f4bc7e9bf) Importer(815301076,1909f56bfc062723c751e8b465ee728b)  -> (artifact id: 'f3ff501ba8075dff0666b815775f9c9d') in 0.074032 seconds 
  Import took 0.087626 seconds .

========================================================================
Received Import Request.
  Time since last request: 0.563486 seconds.
  path: Assets/Models/Extra Models/SK_EliteTrooper_trial 1.fbx
  artifactKey: Guid(925d4c1d17976514db43a778fb06e427) Importer(815301076,1909f56bfc062723c751e8b465ee728b)
Start importing Assets/Models/Extra Models/SK_EliteTrooper_trial 1.fbx using Guid(925d4c1d17976514db43a778fb06e427) Importer(815301076,1909f56bfc062723c751e8b465ee728b)  -> (artifact id: '2e5a636ec90380f8415d8818bb83d89a') in 0.067831 seconds 
  Import took 0.076822 seconds .

========================================================================
Received Import Request.
  Time since last request: 0.578169 seconds.
  path: Assets/Models/Extra Models/SK_EliteTrooper_trial.fbx
  artifactKey: Guid(4b5e263f99596ae4abb374cbbeff75a5) Importer(815301076,1909f56bfc062723c751e8b465ee728b)
Start importing Assets/Models/Extra Models/SK_EliteTrooper_trial.fbx using Guid(4b5e263f99596ae4abb374cbbeff75a5) Importer(815301076,1909f56bfc062723c751e8b465ee728b)  -> (artifact id: 'f3b398d0312be0fab92fb2f822bbdc50') in 0.329711 seconds 
  Import took 0.347719 seconds .

========================================================================
Received Import Request.
  Time since last request: 1.114316 seconds.
  path: Assets/Models/Extra Models/SpaceshipCargo.fbx
  artifactKey: Guid(7313ad3c5023e854e9e5a93b1b29bf5d) Importer(815301076,1909f56bfc062723c751e8b465ee728b)
Start importing Assets/Models/Extra Models/SpaceshipCargo.fbx using Guid(7313ad3c5023e854e9e5a93b1b29bf5d) Importer(815301076,1909f56bfc062723c751e8b465ee728b)  -> (artifact id: 'bbe7e3ec8b2b426aa143a76000416d16') in 0.162697 seconds 
  Import took 0.178462 seconds .

========================================================================
Received Import Request.
  Time since last request: 0.588485 seconds.
  path: Assets/Models/Extra Models/SpaceshipFlying.fbx
  artifactKey: Guid(4ad95c41d222c77498d47003a2c3b1f3) Importer(815301076,1909f56bfc062723c751e8b465ee728b)
Start importing Assets/Models/Extra Models/SpaceshipFlying.fbx using Guid(4ad95c41d222c77498d47003a2c3b1f3) Importer(815301076,1909f56bfc062723c751e8b465ee728b)  -> (artifact id: 'fe43d2e16fff3cc583aa1da5d00c566b') in 0.087724 seconds 
  Import took 0.098741 seconds .

========================================================================
Received Import Request.
  Time since last request: 12.574597 seconds.
  path: Assets/Models/Extra Models/turret02.fbx
  artifactKey: Guid(969caaa80705c7f4c91a402e844c7581) Importer(815301076,1909f56bfc062723c751e8b465ee728b)
Start importing Assets/Models/Extra Models/turret02.fbx using Guid(969caaa80705c7f4c91a402e844c7581) Importer(815301076,1909f56bfc062723c751e8b465ee728b)  -> (artifact id: 'e244130680ba42961075e819d5b53f14') in 0.075571 seconds 
  Import took 0.090752 seconds .

========================================================================
Received Import Request.
  Time since last request: 1.895118 seconds.
  path: Assets/Models/Extra Models/turretBase.fbx
  artifactKey: Guid(504b252e8d6f4384bb6afb38150d8fb3) Importer(815301076,1909f56bfc062723c751e8b465ee728b)
Start importing Assets/Models/Extra Models/turretBase.fbx using Guid(504b252e8d6f4384bb6afb38150d8fb3) Importer(815301076,1909f56bfc062723c751e8b465ee728b)  -> (artifact id: 'f9a1fc2c7202d0c38565d9c4ab053548') in 0.072936 seconds 
  Import took 0.085580 seconds .

========================================================================
Received Import Request.
  Time since last request: 4.481274 seconds.
  path: Assets/Scenes
  artifactKey: Guid(d83a16989ca8c7e48acc072f4ea460eb) Importer(815301076,1909f56bfc062723c751e8b465ee728b)
Start importing Assets/Scenes using Guid(d83a16989ca8c7e48acc072f4ea460eb) Importer(815301076,1909f56bfc062723c751e8b465ee728b)  -> (artifact id: 'f11001db24db80f7f06fa72899e01f9a') in 0.002593 seconds 
  Import took 0.011139 seconds .

========================================================================
Received Import Request.
  Time since last request: 23.565600 seconds.
  path: Assets/Scenes/Vinny'sTestScene.unity
  artifactKey: Guid(158fd0760838803409d21ff439aff5ad) Importer(815301076,1909f56bfc062723c751e8b465ee728b)
Start importing Assets/Scenes/Vinny'sTestScene.unity using Guid(158fd0760838803409d21ff439aff5ad) Importer(815301076,1909f56bfc062723c751e8b465ee728b)  -> (artifact id: '368c7a9bf6c3fd3a146b854a191a8f9f') in 0.005696 seconds 
  Import took 0.018296 seconds .

========================================================================
Received Import Request.
  Time since last request: 29.624377 seconds.
  path: Assets/Models/Extra Models/station06_base.obj
  artifactKey: Guid(b5a88c13b0e61864a97633a8c2096f8a) Importer(815301076,1909f56bfc062723c751e8b465ee728b)
Start importing Assets/Models/Extra Models/station06_base.obj using Guid(b5a88c13b0e61864a97633a8c2096f8a) Importer(815301076,1909f56bfc062723c751e8b465ee728b)  -> (artifact id: 'cee75e0a63ab47ca6b150505739acec2') in 0.111296 seconds 
  Import took 0.124988 seconds .

========================================================================
Received Import Request.
  Time since last request: 0.532196 seconds.
  path: Assets/Models/Extra Models/station02_base.obj
  artifactKey: Guid(fd356ef1ceba17e4ca5c1e857e7f8bf8) Importer(815301076,1909f56bfc062723c751e8b465ee728b)
Start importing Assets/Models/Extra Models/station02_base.obj using Guid(fd356ef1ceba17e4ca5c1e857e7f8bf8) Importer(815301076,1909f56bfc062723c751e8b465ee728b)  -> (artifact id: '8516d1ee0da5dc26edcfbb83f932ef84') in 0.098139 seconds 
  Import took 0.110933 seconds .

========================================================================
Received Import Request.
  Time since last request: 0.878941 seconds.
  path: Assets/Models/Extra Models/station01.obj
  artifactKey: Guid(b627b05792673684589ad5f8e52fc188) Importer(815301076,1909f56bfc062723c751e8b465ee728b)
Start importing Assets/Models/Extra Models/station01.obj using Guid(b627b05792673684589ad5f8e52fc188) Importer(815301076,1909f56bfc062723c751e8b465ee728b)  -> (artifact id: '3da9a51660aac64a0cf9046900f539cf') in 0.096971 seconds 
  Import took 0.114139 seconds .

========================================================================
Received Import Request.
  Time since last request: 14.042275 seconds.
  path: Assets/Models/Extra Models/Spacestation_Propulsion_Thruster_Triple_Large.obj
  artifactKey: Guid(305ef62ec0c564e489226bb1dc7cf2e1) Importer(815301076,1909f56bfc062723c751e8b465ee728b)
Start importing Assets/Models/Extra Models/Spacestation_Propulsion_Thruster_Triple_Large.obj using Guid(305ef62ec0c564e489226bb1dc7cf2e1) Importer(815301076,1909f56bfc062723c751e8b465ee728b)  -> (artifact id: 'face65b832798fdd6cf771865d78b070') in 0.217233 seconds 
  Import took 0.227666 seconds .

========================================================================
Received Import Request.
  Time since last request: 46.896802 seconds.
  path: Packages/com.unity.render-pipelines.universal/Shaders/Lit.shader
  artifactKey: Guid(933532a4fcc9baf4fa0491de14d08ed7) Importer(815301076,1909f56bfc062723c751e8b465ee728b)
Start importing Packages/com.unity.render-pipelines.universal/Shaders/Lit.shader using Guid(933532a4fcc9baf4fa0491de14d08ed7) Importer(815301076,1909f56bfc062723c751e8b465ee728b)  -> (artifact id: 'ee5477199e3122cc61a35af49b610d90') in 0.011190 seconds 
  Import took 0.023818 seconds .

========================================================================
Received Import Request.
  Time since last request: 387.826053 seconds.
  path: Assets/Samples/XR Interaction Toolkit/2.0.0-pre.7/XR Device Simulator
  artifactKey: Guid(e1659344d949a304d91a1fa6ce96699d) Importer(815301076,1909f56bfc062723c751e8b465ee728b)
Start importing Assets/Samples/XR Interaction Toolkit/2.0.0-pre.7/XR Device Simulator using Guid(e1659344d949a304d91a1fa6ce96699d) Importer(815301076,1909f56bfc062723c751e8b465ee728b)  -> (artifact id: 'f3f0f3477b77a619ac9e9258ea81403f') in 0.004837 seconds 
  Import took 0.024916 seconds .

========================================================================
Received Import Request.
  Time since last request: 17.477387 seconds.
  path: Assets/Scenes/SampleSceneLightingSettings.lighting
  artifactKey: Guid(477cc4148fad3449482a3bc3178594e2) Importer(815301076,1909f56bfc062723c751e8b465ee728b)
Start importing Assets/Scenes/SampleSceneLightingSettings.lighting using Guid(477cc4148fad3449482a3bc3178594e2) Importer(815301076,1909f56bfc062723c751e8b465ee728b)  -> (artifact id: '796f4ca2652563aabb920c1beb55d511') in 0.011477 seconds 
  Import took 0.024323 seconds .

========================================================================
Received Import Request.
  Time since last request: 9.130116 seconds.
  path: Assets/Scripts/Player/Hand.cs
  artifactKey: Guid(902b899672fce3843928241008500b7e) Importer(815301076,1909f56bfc062723c751e8b465ee728b)
Start importing Assets/Scripts/Player/Hand.cs using Guid(902b899672fce3843928241008500b7e) Importer(815301076,1909f56bfc062723c751e8b465ee728b)  -> (artifact id: '65719895d5ab8b780d431ce7a7ad5a87') in 0.025655 seconds 
  Import took 0.039283 seconds .

========================================================================
Received Import Request.
  Time since last request: 1.233504 seconds.
  path: Assets/Scripts/Player/HandController.cs
  artifactKey: Guid(a19c6cbaf9188b64eb4e086e7d8a3777) Importer(815301076,1909f56bfc062723c751e8b465ee728b)
Start importing Assets/Scripts/Player/HandController.cs using Guid(a19c6cbaf9188b64eb4e086e7d8a3777) Importer(815301076,1909f56bfc062723c751e8b465ee728b)  -> (artifact id: '8ed2cc0a3e23263474c103908a30aad8') in 0.005722 seconds 
  Import took 0.021411 seconds .

========================================================================
Received Import Request.
  Time since last request: 130.335824 seconds.
  path: Assets/Protofactor-Common/Animations/Humanoid@2HitCombo2Guns.FBX
  artifactKey: Guid(2dc58cc38fbaf5b468e22500a52d307c) Importer(815301076,1909f56bfc062723c751e8b465ee728b)
Start importing Assets/Protofactor-Common/Animations/Humanoid@2HitCombo2Guns.FBX using Guid(2dc58cc38fbaf5b468e22500a52d307c) Importer(815301076,1909f56bfc062723c751e8b465ee728b)  -> (artifact id: 'fac9c0a2ccda9866a7cfa60649908733') in 0.033951 seconds 
  Import took 0.052370 seconds .

========================================================================
Received Import Request.
  Time since last request: 3.523222 seconds.
  path: Assets/Protofactor-Common/Animations/Humanoid@2HitCombo2Guns_RM.FBX
  artifactKey: Guid(e9cb5a01a3e49a34392b732d442babbc) Importer(815301076,1909f56bfc062723c751e8b465ee728b)
Start importing Assets/Protofactor-Common/Animations/Humanoid@2HitCombo2Guns_RM.FBX using Guid(e9cb5a01a3e49a34392b732d442babbc) Importer(815301076,1909f56bfc062723c751e8b465ee728b)  -> (artifact id: '539bb9377edc17cb8b916329864acc33') in 0.032262 seconds 
  Import took 0.050712 seconds .

========================================================================
Received Import Request.
  Time since last request: 10.647946 seconds.
  path: Assets/Protofactor-Common/Animations/SK_Protof-Actor.fbx
  artifactKey: Guid(dbbe4c12d33437e47bec3afd60c096dd) Importer(815301076,1909f56bfc062723c751e8b465ee728b)
Start importing Assets/Protofactor-Common/Animations/SK_Protof-Actor.fbx using Guid(dbbe4c12d33437e47bec3afd60c096dd) Importer(815301076,1909f56bfc062723c751e8b465ee728b)  -> (artifact id: '443e8babe1fc53c43ef17ddd074f184d') in 0.178147 seconds 
  Import took 0.212154 seconds .

========================================================================
Received Import Request.
  Time since last request: 28.023561 seconds.
  path: Assets/Protofactor-Common/Animations/Humanoid@ShootPrimary2Guns.FBX
  artifactKey: Guid(1a1193254b9ea514d87cc6f98b7fe1a6) Importer(815301076,1909f56bfc062723c751e8b465ee728b)
Start importing Assets/Protofactor-Common/Animations/Humanoid@ShootPrimary2Guns.FBX using Guid(1a1193254b9ea514d87cc6f98b7fe1a6) Importer(815301076,1909f56bfc062723c751e8b465ee728b)  -> (artifact id: '87f80fcd0d2e586e1c7f5bea504ff732') in 0.065563 seconds 
  Import took 0.107220 seconds .

========================================================================
Received Import Request.
  Time since last request: 6.210994 seconds.
  path: Assets/Protofactor-Common/Animations/Humanoid@ShakenByGiantWorm.FBX
  artifactKey: Guid(656e567f25b29e345b0c84ea52854f16) Importer(815301076,1909f56bfc062723c751e8b465ee728b)
Start importing Assets/Protofactor-Common/Animations/Humanoid@ShakenByGiantWorm.FBX using Guid(656e567f25b29e345b0c84ea52854f16) Importer(815301076,1909f56bfc062723c751e8b465ee728b)  -> (artifact id: '1b942ae4ab36ef38700dcd35d1cb011c') in 0.084308 seconds 
  Import took 0.120458 seconds .

========================================================================
Received Import Request.
  Time since last request: 1.002334 seconds.
  path: Assets/Protofactor-Common/Animations/Humanoid@RunRightUnarmed_RM.FBX
  artifactKey: Guid(2c56bec49193c00438d7a9b80941ea94) Importer(815301076,1909f56bfc062723c751e8b465ee728b)
Start importing Assets/Protofactor-Common/Animations/Humanoid@RunRightUnarmed_RM.FBX using Guid(2c56bec49193c00438d7a9b80941ea94) Importer(815301076,1909f56bfc062723c751e8b465ee728b)  -> (artifact id: 'c1d5a2a1d5b46c53124a4c2013a9cc6e') in 0.040146 seconds 
  Import took 0.062373 seconds .

========================================================================
Received Import Request.
  Time since last request: 1.689201 seconds.
  path: Assets/Protofactor-Common/Animations/Humanoid@RunRightUnarmed.FBX
  artifactKey: Guid(a6eeb9bf246636b4c98a180361c464b9) Importer(815301076,1909f56bfc062723c751e8b465ee728b)
Start importing Assets/Protofactor-Common/Animations/Humanoid@RunRightUnarmed.FBX using Guid(a6eeb9bf246636b4c98a180361c464b9) Importer(815301076,1909f56bfc062723c751e8b465ee728b)  -> (artifact id: '3e0a53d4a175112052c0415344874f23') in 0.028504 seconds 
  Import took 0.048480 seconds .

========================================================================
Received Import Request.
  Time since last request: 8.428169 seconds.
  path: Assets/Protofactor-Common/Animations/Humanoid@RunLeftUnarmed_RM.FBX
  artifactKey: Guid(255bc7af79f8f894d82893b1a85a8d15) Importer(815301076,1909f56bfc062723c751e8b465ee728b)
Start importing Assets/Protofactor-Common/Animations/Humanoid@RunLeftUnarmed_RM.FBX using Guid(255bc7af79f8f894d82893b1a85a8d15) Importer(815301076,1909f56bfc062723c751e8b465ee728b)  -> (artifact id: '3204ef7908c46877fcf82004d5c447aa') in 0.061756 seconds 
  Import took 0.101724 seconds .

========================================================================
Received Import Request.
  Time since last request: 48.771914 seconds.
  path: Assets/Models/Extra Models/Player/PlayerHand.fbx
  artifactKey: Guid(bfdaadba007b28a4eba94a66b6115be5) Importer(815301076,1909f56bfc062723c751e8b465ee728b)
Start importing Assets/Models/Extra Models/Player/PlayerHand.fbx using Guid(bfdaadba007b28a4eba94a66b6115be5) Importer(815301076,1909f56bfc062723c751e8b465ee728b)  -> (artifact id: '0e37482a8ad1915cb32ccd7d4886899d') in 0.064678 seconds 
  Import took 0.080383 seconds .

========================================================================
Received Import Request.
  Time since last request: 8.011429 seconds.
  path: Assets/Models/Extra Models/Player/Close.anim
  artifactKey: Guid(fa9a5ac8aacec2f449da80fb64108dff) Importer(815301076,1909f56bfc062723c751e8b465ee728b)
Start importing Assets/Models/Extra Models/Player/Close.anim using Guid(fa9a5ac8aacec2f449da80fb64108dff) Importer(815301076,1909f56bfc062723c751e8b465ee728b)  -> (artifact id: '697bd9bb5c5aa9dd95c772f2abeb17a6') in 0.017552 seconds 
  Import took 0.033298 seconds .

========================================================================
Received Import Request.
  Time since last request: 10.232497 seconds.
  path: Assets/Models/Elite Trooper/Prefabs/EliteTrooper_Army-Ragdoll-Variant.prefab
  artifactKey: Guid(afc91e8a6b42e5a41abeb48b234741c9) Importer(815301076,1909f56bfc062723c751e8b465ee728b)
Start importing Assets/Models/Elite Trooper/Prefabs/EliteTrooper_Army-Ragdoll-Variant.prefab using Guid(afc91e8a6b42e5a41abeb48b234741c9) Importer(815301076,1909f56bfc062723c751e8b465ee728b)  -> (artifact id: '2e68f4ac1b8adeb8bb2af4cdc9a4aa52') in 3.944465 seconds 
  Import took 4.078648 seconds .

========================================================================
Received Import Request.
  Time since last request: 0.000682 seconds.
  path: Assets/Models/Elite Trooper/Prefabs/EliteTrooper_White.prefab
  artifactKey: Guid(efbc09952b30e454f83202d5bf66d483) Importer(815301076,1909f56bfc062723c751e8b465ee728b)
Start importing Assets/Models/Elite Trooper/Prefabs/EliteTrooper_White.prefab using Guid(efbc09952b30e454f83202d5bf66d483) Importer(815301076,1909f56bfc062723c751e8b465ee728b)  -> (artifact id: '8ddd621e5f9e89401066c691ad421c48') in 3.681797 seconds 
  Import took 3.833821 seconds .

========================================================================
Received Import Request.
  Time since last request: 0.000463 seconds.
  path: Assets/Models/Elite Trooper/Prefabs/EliteTrooper_Army-Variant.prefab
  artifactKey: Guid(aeb86d88bcb3e174497c699d34d1d505) Importer(815301076,1909f56bfc062723c751e8b465ee728b)
Start importing Assets/Models/Elite Trooper/Prefabs/EliteTrooper_Army-Variant.prefab using Guid(aeb86d88bcb3e174497c699d34d1d505) Importer(815301076,1909f56bfc062723c751e8b465ee728b)  -> (artifact id: 'a73161339db3e2fbb13e8a66bcf2b352') in 2.538307 seconds 
  Import took 2.651119 seconds .

========================================================================
Received Prepare
Registering precompiled user dll's ...
Registered in 0.010296 seconds.
Begin MonoManager ReloadAssembly
Native extension for WindowsStandalone target not found
Refreshing native plugins compatible for Editor in 2.14 ms, found 10 plugins.
Preloading 1 native plugins for Editor in 0.11 ms.
System.Reflection.TargetInvocationException: Exception has been thrown by the target of an invocation. ---> System.NullReferenceException: Object reference not set to an instance of an object
  at Unity.XR.Oculus.OculusLoader.AssetPathToAbsolutePath (System.String assetPath) [0x0004e] in <4a905d1d767140839e8f8a73a87916dc>:0 
  at Unity.XR.Oculus.OculusLoader.EditorLoadOVRPlugin () [0x0007b] in <4a905d1d767140839e8f8a73a87916dc>:0 
  at (wrapper managed-to-native) System.Reflection.MonoMethod.InternalInvoke(System.Reflection.MonoMethod,object,object[],System.Exception&)
  at System.Reflection.MonoMethod.Invoke (System.Object obj, System.Reflection.BindingFlags invokeAttr, System.Reflection.Binder binder, System.Object[] parameters, System.Globalization.CultureInfo culture) [0x00032] in <695d1cc93cca45069c528c15c9fdd749>:0 
   --- End of inner exception stack trace ---
  at System.Reflection.MonoMethod.Invoke (System.Object obj, System.Reflection.BindingFlags invokeAttr, System.Reflection.Binder binder, System.Object[] parameters, System.Globalization.CultureInfo culture) [0x00048] in <695d1cc93cca45069c528c15c9fdd749>:0 
  at System.Reflection.MethodBase.Invoke (System.Object obj, System.Object[] parameters) [0x00000] in <695d1cc93cca45069c528c15c9fdd749>:0 
  at UnityEditor.EditorAssemblies.ProcessInitializeOnLoadMethodAttributes () [0x00047] in <ad50112e30b445fdbf80d5814c3cbcf6>:0 
UnityEngine.StackTraceUtility:ExtractStackTrace ()
UnityEngine.DebugLogHandler:LogFormat (UnityEngine.LogType,UnityEngine.Object,string,object[])
UnityEngine.Logger:Log (UnityEngine.LogType,object)
UnityEngine.Debug:LogError (object)
UnityEditor.EditorAssemblies:ProcessInitializeOnLoadMethodAttributes ()

Mono: successfully reloaded assembly
- Completed reload, in  2.028 seconds
Domain Reload Profiling:
	ReloadAssembly (2029ms)
		BeginReloadAssembly (165ms)
			ExecutionOrderSort (0ms)
			DisableScriptedObjects (8ms)
			BackupInstance (0ms)
			ReleaseScriptingObjects (0ms)
			CreateAndSetChildDomain (48ms)
		EndReloadAssembly (1747ms)
			LoadAssemblies (177ms)
			RebuildTransferFunctionScriptingTraits (0ms)
			SetupTypeCache (588ms)
			ReleaseScriptCaches (1ms)
			RebuildScriptCaches (58ms)
			SetupLoadedEditorAssemblies (603ms)
				LogAssemblyErrors (0ms)
				InitializePlatformSupportModulesInManaged (9ms)
				SetLoadedEditorAssemblies (2ms)
				RefreshPlugins (2ms)
				BeforeProcessingInitializeOnLoad (101ms)
				ProcessInitializeOnLoadAttributes (460ms)
				ProcessInitializeOnLoadMethodAttributes (27ms)
				AfterProcessingInitializeOnLoad (2ms)
				EditorAssembliesLoaded (0ms)
			ExecutionOrderSort2 (0ms)
			AwakeInstancesAfterBackupRestoration (31ms)
Platform modules already initialized, skipping
Refreshing native plugins compatible for Editor in 2.20 ms, found 10 plugins.
Preloading 1 native plugins for Editor in 0.14 ms.
Unloading 3619 Unused Serialized files (Serialized files now loaded: 0)
System memory in use before: 257.0 MB.
System memory in use after: 257.2 MB.

Unloading 35 unused Assets to reduce memory usage. Loaded Objects now: 4292.
Total: 3.896300 ms (FindLiveObjects: 0.299900 ms CreateObjectMapping: 0.139100 ms MarkObjects: 3.415400 ms  DeleteObjects: 0.040500 ms)

AssetImportParameters requested are different than current active one (requested -> active):
  custom:framework-win-MediaFoundation: 216162199b28c13a410421893ffa2e32 -> 
  custom:video-decoder-ogg-theora: a1e56fd34408186e4bbccfd4996cb3dc -> 
  custom:container-muxer-webm: aa71ff27fc2769a1b78a27578f13a17b -> 
  custom:container-demuxer-webm: 4f35f7cbe854078d1ac9338744f61a02 -> 
  custom:container-demuxer-ogg: 62fdf1f143b41e24485cea50d1cbac27 -> 
  custom:video-encoder-webm-vp8: eb34c28f22e8b96e1ab97ce403110664 -> 
  custom:video-codec-MediaFoundation-h265: 746d11721c4dcdbdad8f713fa42b33f4 -> 
  custom:video-decoder-webm-vp8: 9c59270c3fd7afecdb556c50c9e8de78 -> 
  custom:audio-decoder-ogg-vorbis: bf7c407c2cedff20999df2af8eb42d56 -> 
  custom:audio-encoder-webm-vorbis: bf7c407c2cedff20999df2af8eb42d56 -> 
========================================================================
Received Import Request.
  Time since last request: 257.367154 seconds.
  path: Assets/Scripts/characterMovementHelper.cs
  artifactKey: Guid(c4ef09dc2633ad2448af152f090f92a9) Importer(815301076,1909f56bfc062723c751e8b465ee728b)
Start importing Assets/Scripts/characterMovementHelper.cs using Guid(c4ef09dc2633ad2448af152f090f92a9) Importer(815301076,1909f56bfc062723c751e8b465ee728b)  -> (artifact id: '89acbcfb0338a0671c75e3311fbee1c1') in 0.011883 seconds 
  Import took 0.025705 seconds .

========================================================================
Received Import Request.
  Time since last request: 19.432138 seconds.
  path: Assets/Scripts/Player
  artifactKey: Guid(cad4da91f9206bf45892b979fcfcc6dc) Importer(815301076,1909f56bfc062723c751e8b465ee728b)
Start importing Assets/Scripts/Player using Guid(cad4da91f9206bf45892b979fcfcc6dc) Importer(815301076,1909f56bfc062723c751e8b465ee728b)  -> (artifact id: '77b14813e659c6a1293d81781ded111d') in 0.010240 seconds 
  Import took 0.032518 seconds .

========================================================================
Received Import Request.
  Time since last request: 10.443911 seconds.
  path: Assets/Scripts/Player/KeyBoardMove.cs
  artifactKey: Guid(56dbf694b4459594781709e00da36ebc) Importer(815301076,1909f56bfc062723c751e8b465ee728b)
Start importing Assets/Scripts/Player/KeyBoardMove.cs using Guid(56dbf694b4459594781709e00da36ebc) Importer(815301076,1909f56bfc062723c751e8b465ee728b)  -> (artifact id: '9a7638723dd71689acb9925693996f59') in 0.007453 seconds 
  Import took 0.020105 seconds .

========================================================================
Received Prepare
Registering precompiled user dll's ...
Registered in 0.030024 seconds.
Begin MonoManager ReloadAssembly
Native extension for WindowsStandalone target not found
Refreshing native plugins compatible for Editor in 1.94 ms, found 10 plugins.
Preloading 1 native plugins for Editor in 0.13 ms.
System.Reflection.TargetInvocationException: Exception has been thrown by the target of an invocation. ---> System.NullReferenceException: Object reference not set to an instance of an object
  at Unity.XR.Oculus.OculusLoader.AssetPathToAbsolutePath (System.String assetPath) [0x0004e] in <4a905d1d767140839e8f8a73a87916dc>:0 
  at Unity.XR.Oculus.OculusLoader.EditorLoadOVRPlugin () [0x0007b] in <4a905d1d767140839e8f8a73a87916dc>:0 
  at (wrapper managed-to-native) System.Reflection.MonoMethod.InternalInvoke(System.Reflection.MonoMethod,object,object[],System.Exception&)
  at System.Reflection.MonoMethod.Invoke (System.Object obj, System.Reflection.BindingFlags invokeAttr, System.Reflection.Binder binder, System.Object[] parameters, System.Globalization.CultureInfo culture) [0x00032] in <695d1cc93cca45069c528c15c9fdd749>:0 
   --- End of inner exception stack trace ---
  at System.Reflection.MonoMethod.Invoke (System.Object obj, System.Reflection.BindingFlags invokeAttr, System.Reflection.Binder binder, System.Object[] parameters, System.Globalization.CultureInfo culture) [0x00048] in <695d1cc93cca45069c528c15c9fdd749>:0 
  at System.Reflection.MethodBase.Invoke (System.Object obj, System.Object[] parameters) [0x00000] in <695d1cc93cca45069c528c15c9fdd749>:0 
  at UnityEditor.EditorAssemblies.ProcessInitializeOnLoadMethodAttributes () [0x00047] in <ad50112e30b445fdbf80d5814c3cbcf6>:0 
UnityEngine.StackTraceUtility:ExtractStackTrace ()
UnityEngine.DebugLogHandler:LogFormat (UnityEngine.LogType,UnityEngine.Object,string,object[])
UnityEngine.Logger:Log (UnityEngine.LogType,object)
UnityEngine.Debug:LogError (object)
UnityEditor.EditorAssemblies:ProcessInitializeOnLoadMethodAttributes ()

Mono: successfully reloaded assembly
- Completed reload, in  3.411 seconds
Domain Reload Profiling:
	ReloadAssembly (3413ms)
		BeginReloadAssembly (466ms)
			ExecutionOrderSort (0ms)
			DisableScriptedObjects (25ms)
			BackupInstance (0ms)
			ReleaseScriptingObjects (0ms)
			CreateAndSetChildDomain (107ms)
		EndReloadAssembly (2705ms)
			LoadAssemblies (458ms)
			RebuildTransferFunctionScriptingTraits (0ms)
			SetupTypeCache (883ms)
			ReleaseScriptCaches (3ms)
			RebuildScriptCaches (96ms)
			SetupLoadedEditorAssemblies (957ms)
				LogAssemblyErrors (0ms)
				InitializePlatformSupportModulesInManaged (8ms)
				SetLoadedEditorAssemblies (1ms)
				RefreshPlugins (2ms)
				BeforeProcessingInitializeOnLoad (175ms)
				ProcessInitializeOnLoadAttributes (719ms)
				ProcessInitializeOnLoadMethodAttributes (46ms)
				AfterProcessingInitializeOnLoad (5ms)
				EditorAssembliesLoaded (0ms)
			ExecutionOrderSort2 (0ms)
			AwakeInstancesAfterBackupRestoration (45ms)
Platform modules already initialized, skipping
Refreshing native plugins compatible for Editor in 6.10 ms, found 10 plugins.
Preloading 1 native plugins for Editor in 0.47 ms.
Unloading 3620 Unused Serialized files (Serialized files now loaded: 0)
System memory in use before: 257.0 MB.
System memory in use after: 257.3 MB.

Unloading 35 unused Assets to reduce memory usage. Loaded Objects now: 4296.
Total: 17.729200 ms (FindLiveObjects: 2.051300 ms CreateObjectMapping: 1.020300 ms MarkObjects: 14.518000 ms  DeleteObjects: 0.132900 ms)

AssetImportParameters requested are different than current active one (requested -> active):
  custom:framework-win-MediaFoundation: 216162199b28c13a410421893ffa2e32 -> 
  custom:video-decoder-ogg-theora: a1e56fd34408186e4bbccfd4996cb3dc -> 
  custom:container-muxer-webm: aa71ff27fc2769a1b78a27578f13a17b -> 
  custom:container-demuxer-webm: 4f35f7cbe854078d1ac9338744f61a02 -> 
  custom:container-demuxer-ogg: 62fdf1f143b41e24485cea50d1cbac27 -> 
  custom:video-encoder-webm-vp8: eb34c28f22e8b96e1ab97ce403110664 -> 
  custom:video-codec-MediaFoundation-h265: 746d11721c4dcdbdad8f713fa42b33f4 -> 
  custom:video-decoder-webm-vp8: 9c59270c3fd7afecdb556c50c9e8de78 -> 
  custom:audio-decoder-ogg-vorbis: bf7c407c2cedff20999df2af8eb42d56 -> 
  custom:audio-encoder-webm-vorbis: bf7c407c2cedff20999df2af8eb42d56 -> 
========================================================================
Received Prepare
Registering precompiled user dll's ...
Registered in 0.008609 seconds.
Begin MonoManager ReloadAssembly
Native extension for WindowsStandalone target not found
Refreshing native plugins compatible for Editor in 4.01 ms, found 10 plugins.
Preloading 1 native plugins for Editor in 0.25 ms.
System.Reflection.TargetInvocationException: Exception has been thrown by the target of an invocation. ---> System.NullReferenceException: Object reference not set to an instance of an object
  at Unity.XR.Oculus.OculusLoader.AssetPathToAbsolutePath (System.String assetPath) [0x0004e] in <4a905d1d767140839e8f8a73a87916dc>:0 
  at Unity.XR.Oculus.OculusLoader.EditorLoadOVRPlugin () [0x0007b] in <4a905d1d767140839e8f8a73a87916dc>:0 
  at (wrapper managed-to-native) System.Reflection.MonoMethod.InternalInvoke(System.Reflection.MonoMethod,object,object[],System.Exception&)
  at System.Reflection.MonoMethod.Invoke (System.Object obj, System.Reflection.BindingFlags invokeAttr, System.Reflection.Binder binder, System.Object[] parameters, System.Globalization.CultureInfo culture) [0x00032] in <695d1cc93cca45069c528c15c9fdd749>:0 
   --- End of inner exception stack trace ---
  at System.Reflection.MonoMethod.Invoke (System.Object obj, System.Reflection.BindingFlags invokeAttr, System.Reflection.Binder binder, System.Object[] parameters, System.Globalization.CultureInfo culture) [0x00048] in <695d1cc93cca45069c528c15c9fdd749>:0 
  at System.Reflection.MethodBase.Invoke (System.Object obj, System.Object[] parameters) [0x00000] in <695d1cc93cca45069c528c15c9fdd749>:0 
  at UnityEditor.EditorAssemblies.ProcessInitializeOnLoadMethodAttributes () [0x00047] in <ad50112e30b445fdbf80d5814c3cbcf6>:0 
UnityEngine.StackTraceUtility:ExtractStackTrace ()
UnityEngine.DebugLogHandler:LogFormat (UnityEngine.LogType,UnityEngine.Object,string,object[])
UnityEngine.Logger:Log (UnityEngine.LogType,object)
UnityEngine.Debug:LogError (object)
UnityEditor.EditorAssemblies:ProcessInitializeOnLoadMethodAttributes ()

Mono: successfully reloaded assembly
- Completed reload, in  4.300 seconds
Domain Reload Profiling:
	ReloadAssembly (4301ms)
		BeginReloadAssembly (254ms)
			ExecutionOrderSort (0ms)
			DisableScriptedObjects (11ms)
			BackupInstance (0ms)
			ReleaseScriptingObjects (0ms)
			CreateAndSetChildDomain (65ms)
		EndReloadAssembly (3942ms)
			LoadAssemblies (237ms)
			RebuildTransferFunctionScriptingTraits (0ms)
			SetupTypeCache (1116ms)
			ReleaseScriptCaches (3ms)
			RebuildScriptCaches (150ms)
			SetupLoadedEditorAssemblies (1695ms)
				LogAssemblyErrors (0ms)
				InitializePlatformSupportModulesInManaged (15ms)
				SetLoadedEditorAssemblies (2ms)
				RefreshPlugins (5ms)
				BeforeProcessingInitializeOnLoad (471ms)
				ProcessInitializeOnLoadAttributes (1133ms)
				ProcessInitializeOnLoadMethodAttributes (60ms)
				AfterProcessingInitializeOnLoad (9ms)
				EditorAssembliesLoaded (1ms)
			ExecutionOrderSort2 (0ms)
			AwakeInstancesAfterBackupRestoration (57ms)
Platform modules already initialized, skipping
Refreshing native plugins compatible for Editor in 1.76 ms, found 10 plugins.
Preloading 1 native plugins for Editor in 0.12 ms.
Unloading 3620 Unused Serialized files (Serialized files now loaded: 0)
System memory in use before: 257.0 MB.
System memory in use after: 257.3 MB.

Unloading 35 unused Assets to reduce memory usage. Loaded Objects now: 4299.
Total: 7.750200 ms (FindLiveObjects: 0.365000 ms CreateObjectMapping: 0.182700 ms MarkObjects: 7.140300 ms  DeleteObjects: 0.059800 ms)

AssetImportParameters requested are different than current active one (requested -> active):
  custom:framework-win-MediaFoundation: 216162199b28c13a410421893ffa2e32 -> 
  custom:video-decoder-ogg-theora: a1e56fd34408186e4bbccfd4996cb3dc -> 
  custom:container-muxer-webm: aa71ff27fc2769a1b78a27578f13a17b -> 
  custom:container-demuxer-webm: 4f35f7cbe854078d1ac9338744f61a02 -> 
  custom:container-demuxer-ogg: 62fdf1f143b41e24485cea50d1cbac27 -> 
  custom:video-encoder-webm-vp8: eb34c28f22e8b96e1ab97ce403110664 -> 
  custom:video-codec-MediaFoundation-h265: 746d11721c4dcdbdad8f713fa42b33f4 -> 
  custom:video-decoder-webm-vp8: 9c59270c3fd7afecdb556c50c9e8de78 -> 
  custom:audio-decoder-ogg-vorbis: bf7c407c2cedff20999df2af8eb42d56 -> 
  custom:audio-encoder-webm-vorbis: bf7c407c2cedff20999df2af8eb42d56 -> 
========================================================================
Received Prepare
Registering precompiled user dll's ...
Registered in 0.055922 seconds.
Begin MonoManager ReloadAssembly
Native extension for WindowsStandalone target not found
Refreshing native plugins compatible for Editor in 1.65 ms, found 10 plugins.
Preloading 1 native plugins for Editor in 0.08 ms.
System.Reflection.TargetInvocationException: Exception has been thrown by the target of an invocation. ---> System.NullReferenceException: Object reference not set to an instance of an object
  at Unity.XR.Oculus.OculusLoader.AssetPathToAbsolutePath (System.String assetPath) [0x0004e] in <4a905d1d767140839e8f8a73a87916dc>:0 
  at Unity.XR.Oculus.OculusLoader.EditorLoadOVRPlugin () [0x0007b] in <4a905d1d767140839e8f8a73a87916dc>:0 
  at (wrapper managed-to-native) System.Reflection.MonoMethod.InternalInvoke(System.Reflection.MonoMethod,object,object[],System.Exception&)
  at System.Reflection.MonoMethod.Invoke (System.Object obj, System.Reflection.BindingFlags invokeAttr, System.Reflection.Binder binder, System.Object[] parameters, System.Globalization.CultureInfo culture) [0x00032] in <695d1cc93cca45069c528c15c9fdd749>:0 
   --- End of inner exception stack trace ---
  at System.Reflection.MonoMethod.Invoke (System.Object obj, System.Reflection.BindingFlags invokeAttr, System.Reflection.Binder binder, System.Object[] parameters, System.Globalization.CultureInfo culture) [0x00048] in <695d1cc93cca45069c528c15c9fdd749>:0 
  at System.Reflection.MethodBase.Invoke (System.Object obj, System.Object[] parameters) [0x00000] in <695d1cc93cca45069c528c15c9fdd749>:0 
  at UnityEditor.EditorAssemblies.ProcessInitializeOnLoadMethodAttributes () [0x00047] in <ad50112e30b445fdbf80d5814c3cbcf6>:0 
UnityEngine.StackTraceUtility:ExtractStackTrace ()
UnityEngine.DebugLogHandler:LogFormat (UnityEngine.LogType,UnityEngine.Object,string,object[])
UnityEngine.Logger:Log (UnityEngine.LogType,object)
UnityEngine.Debug:LogError (object)
UnityEditor.EditorAssemblies:ProcessInitializeOnLoadMethodAttributes ()

Mono: successfully reloaded assembly
- Completed reload, in  4.572 seconds
Domain Reload Profiling:
	ReloadAssembly (4575ms)
		BeginReloadAssembly (756ms)
			ExecutionOrderSort (0ms)
			DisableScriptedObjects (35ms)
			BackupInstance (0ms)
			ReleaseScriptingObjects (1ms)
			CreateAndSetChildDomain (184ms)
		EndReloadAssembly (3412ms)
			LoadAssemblies (748ms)
			RebuildTransferFunctionScriptingTraits (0ms)
			SetupTypeCache (1457ms)
			ReleaseScriptCaches (4ms)
			RebuildScriptCaches (139ms)
			SetupLoadedEditorAssemblies (920ms)
				LogAssemblyErrors (0ms)
				InitializePlatformSupportModulesInManaged (9ms)
				SetLoadedEditorAssemblies (1ms)
				RefreshPlugins (2ms)
				BeforeProcessingInitializeOnLoad (167ms)
				ProcessInitializeOnLoadAttributes (676ms)
				ProcessInitializeOnLoadMethodAttributes (55ms)
				AfterProcessingInitializeOnLoad (8ms)
				EditorAssembliesLoaded (0ms)
			ExecutionOrderSort2 (0ms)
			AwakeInstancesAfterBackupRestoration (51ms)
Platform modules already initialized, skipping
Refreshing native plugins compatible for Editor in 4.49 ms, found 10 plugins.
Preloading 1 native plugins for Editor in 0.37 ms.
Unloading 3620 Unused Serialized files (Serialized files now loaded: 0)
System memory in use before: 257.1 MB.
System memory in use after: 257.3 MB.

Unloading 35 unused Assets to reduce memory usage. Loaded Objects now: 4302.
Total: 16.557000 ms (FindLiveObjects: 0.800900 ms CreateObjectMapping: 0.289700 ms MarkObjects: 15.281200 ms  DeleteObjects: 0.179500 ms)

AssetImportParameters requested are different than current active one (requested -> active):
  custom:framework-win-MediaFoundation: 216162199b28c13a410421893ffa2e32 -> 
  custom:video-decoder-ogg-theora: a1e56fd34408186e4bbccfd4996cb3dc -> 
  custom:container-muxer-webm: aa71ff27fc2769a1b78a27578f13a17b -> 
  custom:container-demuxer-webm: 4f35f7cbe854078d1ac9338744f61a02 -> 
  custom:container-demuxer-ogg: 62fdf1f143b41e24485cea50d1cbac27 -> 
  custom:video-encoder-webm-vp8: eb34c28f22e8b96e1ab97ce403110664 -> 
  custom:video-codec-MediaFoundation-h265: 746d11721c4dcdbdad8f713fa42b33f4 -> 
  custom:video-decoder-webm-vp8: 9c59270c3fd7afecdb556c50c9e8de78 -> 
  custom:audio-decoder-ogg-vorbis: bf7c407c2cedff20999df2af8eb42d56 -> 
  custom:audio-encoder-webm-vorbis: bf7c407c2cedff20999df2af8eb42d56 -> 
========================================================================
Received Prepare
Registering precompiled user dll's ...
Registered in 0.052012 seconds.
Begin MonoManager ReloadAssembly
Native extension for WindowsStandalone target not found
Refreshing native plugins compatible for Editor in 6.13 ms, found 10 plugins.
Preloading 1 native plugins for Editor in 0.32 ms.
System.Reflection.TargetInvocationException: Exception has been thrown by the target of an invocation. ---> System.NullReferenceException: Object reference not set to an instance of an object
  at Unity.XR.Oculus.OculusLoader.AssetPathToAbsolutePath (System.String assetPath) [0x0004e] in <4a905d1d767140839e8f8a73a87916dc>:0 
  at Unity.XR.Oculus.OculusLoader.EditorLoadOVRPlugin () [0x0007b] in <4a905d1d767140839e8f8a73a87916dc>:0 
  at (wrapper managed-to-native) System.Reflection.MonoMethod.InternalInvoke(System.Reflection.MonoMethod,object,object[],System.Exception&)
  at System.Reflection.MonoMethod.Invoke (System.Object obj, System.Reflection.BindingFlags invokeAttr, System.Reflection.Binder binder, System.Object[] parameters, System.Globalization.CultureInfo culture) [0x00032] in <695d1cc93cca45069c528c15c9fdd749>:0 
   --- End of inner exception stack trace ---
  at System.Reflection.MonoMethod.Invoke (System.Object obj, System.Reflection.BindingFlags invokeAttr, System.Reflection.Binder binder, System.Object[] parameters, System.Globalization.CultureInfo culture) [0x00048] in <695d1cc93cca45069c528c15c9fdd749>:0 
  at System.Reflection.MethodBase.Invoke (System.Object obj, System.Object[] parameters) [0x00000] in <695d1cc93cca45069c528c15c9fdd749>:0 
  at UnityEditor.EditorAssemblies.ProcessInitializeOnLoadMethodAttributes () [0x00047] in <ad50112e30b445fdbf80d5814c3cbcf6>:0 
UnityEngine.StackTraceUtility:ExtractStackTrace ()
UnityEngine.DebugLogHandler:LogFormat (UnityEngine.LogType,UnityEngine.Object,string,object[])
UnityEngine.Logger:Log (UnityEngine.LogType,object)
UnityEngine.Debug:LogError (object)
UnityEditor.EditorAssemblies:ProcessInitializeOnLoadMethodAttributes ()

Mono: successfully reloaded assembly
- Completed reload, in  9.192 seconds
Domain Reload Profiling:
	ReloadAssembly (9194ms)
		BeginReloadAssembly (851ms)
			ExecutionOrderSort (0ms)
			DisableScriptedObjects (31ms)
			BackupInstance (0ms)
			ReleaseScriptingObjects (0ms)
			CreateAndSetChildDomain (182ms)
		EndReloadAssembly (7761ms)
			LoadAssemblies (1036ms)
			RebuildTransferFunctionScriptingTraits (0ms)
			SetupTypeCache (2596ms)
			ReleaseScriptCaches (7ms)
			RebuildScriptCaches (301ms)
			SetupLoadedEditorAssemblies (2830ms)
				LogAssemblyErrors (0ms)
				InitializePlatformSupportModulesInManaged (36ms)
				SetLoadedEditorAssemblies (5ms)
				RefreshPlugins (7ms)
				BeforeProcessingInitializeOnLoad (508ms)
				ProcessInitializeOnLoadAttributes (2115ms)
				ProcessInitializeOnLoadMethodAttributes (142ms)
				AfterProcessingInitializeOnLoad (15ms)
				EditorAssembliesLoaded (1ms)
			ExecutionOrderSort2 (0ms)
			AwakeInstancesAfterBackupRestoration (125ms)
Platform modules already initialized, skipping
Refreshing native plugins compatible for Editor in 5.60 ms, found 10 plugins.
Preloading 1 native plugins for Editor in 0.35 ms.
Unloading 3620 Unused Serialized files (Serialized files now loaded: 0)
System memory in use before: 257.1 MB.
System memory in use after: 257.3 MB.

Unloading 35 unused Assets to reduce memory usage. Loaded Objects now: 4305.
Total: 24.765100 ms (FindLiveObjects: 1.242000 ms CreateObjectMapping: 0.413100 ms MarkObjects: 22.800000 ms  DeleteObjects: 0.301600 ms)

AssetImportParameters requested are different than current active one (requested -> active):
  custom:framework-win-MediaFoundation: 216162199b28c13a410421893ffa2e32 -> 
  custom:video-decoder-ogg-theora: a1e56fd34408186e4bbccfd4996cb3dc -> 
  custom:container-muxer-webm: aa71ff27fc2769a1b78a27578f13a17b -> 
  custom:container-demuxer-webm: 4f35f7cbe854078d1ac9338744f61a02 -> 
  custom:container-demuxer-ogg: 62fdf1f143b41e24485cea50d1cbac27 -> 
  custom:video-encoder-webm-vp8: eb34c28f22e8b96e1ab97ce403110664 -> 
  custom:video-codec-MediaFoundation-h265: 746d11721c4dcdbdad8f713fa42b33f4 -> 
  custom:video-decoder-webm-vp8: 9c59270c3fd7afecdb556c50c9e8de78 -> 
  custom:audio-decoder-ogg-vorbis: bf7c407c2cedff20999df2af8eb42d56 -> 
  custom:audio-encoder-webm-vorbis: bf7c407c2cedff20999df2af8eb42d56 -> 
========================================================================
Received Prepare
Registering precompiled user dll's ...
Registered in 0.015759 seconds.
Begin MonoManager ReloadAssembly
Native extension for WindowsStandalone target not found
Refreshing native plugins compatible for Editor in 2.70 ms, found 10 plugins.
Preloading 1 native plugins for Editor in 0.27 ms.
System.Reflection.TargetInvocationException: Exception has been thrown by the target of an invocation. ---> System.NullReferenceException: Object reference not set to an instance of an object
  at Unity.XR.Oculus.OculusLoader.AssetPathToAbsolutePath (System.String assetPath) [0x0004e] in <4a905d1d767140839e8f8a73a87916dc>:0 
  at Unity.XR.Oculus.OculusLoader.EditorLoadOVRPlugin () [0x0007b] in <4a905d1d767140839e8f8a73a87916dc>:0 
  at (wrapper managed-to-native) System.Reflection.MonoMethod.InternalInvoke(System.Reflection.MonoMethod,object,object[],System.Exception&)
  at System.Reflection.MonoMethod.Invoke (System.Object obj, System.Reflection.BindingFlags invokeAttr, System.Reflection.Binder binder, System.Object[] parameters, System.Globalization.CultureInfo culture) [0x00032] in <695d1cc93cca45069c528c15c9fdd749>:0 
   --- End of inner exception stack trace ---
  at System.Reflection.MonoMethod.Invoke (System.Object obj, System.Reflection.BindingFlags invokeAttr, System.Reflection.Binder binder, System.Object[] parameters, System.Globalization.CultureInfo culture) [0x00048] in <695d1cc93cca45069c528c15c9fdd749>:0 
  at System.Reflection.MethodBase.Invoke (System.Object obj, System.Object[] parameters) [0x00000] in <695d1cc93cca45069c528c15c9fdd749>:0 
  at UnityEditor.EditorAssemblies.ProcessInitializeOnLoadMethodAttributes () [0x00047] in <ad50112e30b445fdbf80d5814c3cbcf6>:0 
UnityEngine.StackTraceUtility:ExtractStackTrace ()
UnityEngine.DebugLogHandler:LogFormat (UnityEngine.LogType,UnityEngine.Object,string,object[])
UnityEngine.Logger:Log (UnityEngine.LogType,object)
UnityEngine.Debug:LogError (object)
UnityEditor.EditorAssemblies:ProcessInitializeOnLoadMethodAttributes ()

Mono: successfully reloaded assembly
- Completed reload, in  6.504 seconds
Domain Reload Profiling:
	ReloadAssembly (6507ms)
		BeginReloadAssembly (826ms)
			ExecutionOrderSort (0ms)
			DisableScriptedObjects (50ms)
			BackupInstance (0ms)
			ReleaseScriptingObjects (1ms)
			CreateAndSetChildDomain (221ms)
		EndReloadAssembly (5272ms)
			LoadAssemblies (829ms)
			RebuildTransferFunctionScriptingTraits (0ms)
			SetupTypeCache (1851ms)
			ReleaseScriptCaches (4ms)
			RebuildScriptCaches (257ms)
			SetupLoadedEditorAssemblies (1679ms)
				LogAssemblyErrors (0ms)
				InitializePlatformSupportModulesInManaged (15ms)
				SetLoadedEditorAssemblies (3ms)
				RefreshPlugins (3ms)
				BeforeProcessingInitializeOnLoad (304ms)
				ProcessInitializeOnLoadAttributes (1214ms)
				ProcessInitializeOnLoadMethodAttributes (116ms)
				AfterProcessingInitializeOnLoad (20ms)
				EditorAssembliesLoaded (2ms)
			ExecutionOrderSort2 (0ms)
			AwakeInstancesAfterBackupRestoration (136ms)
Platform modules already initialized, skipping
Refreshing native plugins compatible for Editor in 4.24 ms, found 10 plugins.
Preloading 1 native plugins for Editor in 0.29 ms.
Unloading 3620 Unused Serialized files (Serialized files now loaded: 0)
System memory in use before: 257.1 MB.
System memory in use after: 257.3 MB.

Unloading 35 unused Assets to reduce memory usage. Loaded Objects now: 4308.
Total: 16.145000 ms (FindLiveObjects: 0.737900 ms CreateObjectMapping: 0.436800 ms MarkObjects: 14.834500 ms  DeleteObjects: 0.131800 ms)

AssetImportParameters requested are different than current active one (requested -> active):
  custom:framework-win-MediaFoundation: 216162199b28c13a410421893ffa2e32 -> 
  custom:video-decoder-ogg-theora: a1e56fd34408186e4bbccfd4996cb3dc -> 
  custom:container-muxer-webm: aa71ff27fc2769a1b78a27578f13a17b -> 
  custom:container-demuxer-webm: 4f35f7cbe854078d1ac9338744f61a02 -> 
  custom:container-demuxer-ogg: 62fdf1f143b41e24485cea50d1cbac27 -> 
  custom:video-encoder-webm-vp8: eb34c28f22e8b96e1ab97ce403110664 -> 
  custom:video-codec-MediaFoundation-h265: 746d11721c4dcdbdad8f713fa42b33f4 -> 
  custom:video-decoder-webm-vp8: 9c59270c3fd7afecdb556c50c9e8de78 -> 
  custom:audio-decoder-ogg-vorbis: bf7c407c2cedff20999df2af8eb42d56 -> 
  custom:audio-encoder-webm-vorbis: bf7c407c2cedff20999df2af8eb42d56 -> 
========================================================================
Received Prepare
Registering precompiled user dll's ...
Registered in 0.038035 seconds.
Begin MonoManager ReloadAssembly
Native extension for WindowsStandalone target not found
Refreshing native plugins compatible for Editor in 2.74 ms, found 10 plugins.
Preloading 1 native plugins for Editor in 0.19 ms.
System.Reflection.TargetInvocationException: Exception has been thrown by the target of an invocation. ---> System.NullReferenceException: Object reference not set to an instance of an object
  at Unity.XR.Oculus.OculusLoader.AssetPathToAbsolutePath (System.String assetPath) [0x0004e] in <4a905d1d767140839e8f8a73a87916dc>:0 
  at Unity.XR.Oculus.OculusLoader.EditorLoadOVRPlugin () [0x0007b] in <4a905d1d767140839e8f8a73a87916dc>:0 
  at (wrapper managed-to-native) System.Reflection.MonoMethod.InternalInvoke(System.Reflection.MonoMethod,object,object[],System.Exception&)
  at System.Reflection.MonoMethod.Invoke (System.Object obj, System.Reflection.BindingFlags invokeAttr, System.Reflection.Binder binder, System.Object[] parameters, System.Globalization.CultureInfo culture) [0x00032] in <695d1cc93cca45069c528c15c9fdd749>:0 
   --- End of inner exception stack trace ---
  at System.Reflection.MonoMethod.Invoke (System.Object obj, System.Reflection.BindingFlags invokeAttr, System.Reflection.Binder binder, System.Object[] parameters, System.Globalization.CultureInfo culture) [0x00048] in <695d1cc93cca45069c528c15c9fdd749>:0 
  at System.Reflection.MethodBase.Invoke (System.Object obj, System.Object[] parameters) [0x00000] in <695d1cc93cca45069c528c15c9fdd749>:0 
  at UnityEditor.EditorAssemblies.ProcessInitializeOnLoadMethodAttributes () [0x00047] in <ad50112e30b445fdbf80d5814c3cbcf6>:0 
UnityEngine.StackTraceUtility:ExtractStackTrace ()
UnityEngine.DebugLogHandler:LogFormat (UnityEngine.LogType,UnityEngine.Object,string,object[])
UnityEngine.Logger:Log (UnityEngine.LogType,object)
UnityEngine.Debug:LogError (object)
UnityEditor.EditorAssemblies:ProcessInitializeOnLoadMethodAttributes ()

Mono: successfully reloaded assembly
- Completed reload, in  2.720 seconds
Domain Reload Profiling:
	ReloadAssembly (2721ms)
		BeginReloadAssembly (251ms)
			ExecutionOrderSort (0ms)
			DisableScriptedObjects (13ms)
			BackupInstance (0ms)
			ReleaseScriptingObjects (0ms)
			CreateAndSetChildDomain (73ms)
		EndReloadAssembly (2332ms)
			LoadAssemblies (273ms)
			RebuildTransferFunctionScriptingTraits (0ms)
			SetupTypeCache (837ms)
			ReleaseScriptCaches (3ms)
			RebuildScriptCaches (97ms)
			SetupLoadedEditorAssemblies (807ms)
				LogAssemblyErrors (0ms)
				InitializePlatformSupportModulesInManaged (8ms)
				SetLoadedEditorAssemblies (2ms)
				RefreshPlugins (3ms)
				BeforeProcessingInitializeOnLoad (162ms)
				ProcessInitializeOnLoadAttributes (578ms)
				ProcessInitializeOnLoadMethodAttributes (47ms)
				AfterProcessingInitializeOnLoad (6ms)
				EditorAssembliesLoaded (1ms)
			ExecutionOrderSort2 (0ms)
			AwakeInstancesAfterBackupRestoration (42ms)
Platform modules already initialized, skipping
Refreshing native plugins compatible for Editor in 1.72 ms, found 10 plugins.
Preloading 1 native plugins for Editor in 0.11 ms.
Unloading 3620 Unused Serialized files (Serialized files now loaded: 0)
System memory in use before: 257.1 MB.
System memory in use after: 257.4 MB.

Unloading 35 unused Assets to reduce memory usage. Loaded Objects now: 4311.
Total: 6.949600 ms (FindLiveObjects: 0.579800 ms CreateObjectMapping: 0.203700 ms MarkObjects: 6.105000 ms  DeleteObjects: 0.059100 ms)

AssetImportParameters requested are different than current active one (requested -> active):
  custom:framework-win-MediaFoundation: 216162199b28c13a410421893ffa2e32 -> 
  custom:video-decoder-ogg-theora: a1e56fd34408186e4bbccfd4996cb3dc -> 
  custom:container-muxer-webm: aa71ff27fc2769a1b78a27578f13a17b -> 
  custom:container-demuxer-webm: 4f35f7cbe854078d1ac9338744f61a02 -> 
  custom:container-demuxer-ogg: 62fdf1f143b41e24485cea50d1cbac27 -> 
  custom:video-encoder-webm-vp8: eb34c28f22e8b96e1ab97ce403110664 -> 
  custom:video-codec-MediaFoundation-h265: 746d11721c4dcdbdad8f713fa42b33f4 -> 
  custom:video-decoder-webm-vp8: 9c59270c3fd7afecdb556c50c9e8de78 -> 
  custom:audio-decoder-ogg-vorbis: bf7c407c2cedff20999df2af8eb42d56 -> 
  custom:audio-encoder-webm-vorbis: bf7c407c2cedff20999df2af8eb42d56 -> 
AssetImportWorkerClient::OnTransportError - code=2 error=End of file
