Using pre-set license
Built from '2021.3/staging' branch; Version is '2021.3.10f1 (1c7d0df0160b) revision 1867021'; Using compiler version '192829333'; Build Type 'Release'
OS: 'Windows 10  (10.0.19044) 64bit Core' Language: 'en' Physical Memory: 16227 MB
BatchMode: 1, IsHumanControllingUs: 0, StartBugReporterOnCrash: 0, Is64bit: 1, IsPro: 1

COMMAND LINE ARGUMENTS:
C:\Program Files\Unity\Hub\Editor\2021.3.10f1\Editor\Unity.exe
-adb2
-batchMode
-noUpm
-name
AssetImportWorker5
-projectPath
F:/GameDev/spring-2022-spacegame-vr/AstroQuest
-logFile
Logs/AssetImportWorker5.log
-srvPort
60978
Successfully changed project path to: F:/GameDev/spring-2022-spacegame-vr/AstroQuest
F:/GameDev/spring-2022-spacegame-vr/AstroQuest
[UnityMemory] Configuration Parameters - Can be set up in boot.config
    "memorysetup-bucket-allocator-granularity=16"
    "memorysetup-bucket-allocator-bucket-count=8"
    "memorysetup-bucket-allocator-block-size=33554432"
    "memorysetup-bucket-allocator-block-count=8"
    "memorysetup-main-allocator-block-size=16777216"
    "memorysetup-thread-allocator-block-size=16777216"
    "memorysetup-gfx-main-allocator-block-size=16777216"
    "memorysetup-gfx-thread-allocator-block-size=16777216"
    "memorysetup-cache-allocator-block-size=4194304"
    "memorysetup-typetree-allocator-block-size=2097152"
    "memorysetup-profiler-bucket-allocator-granularity=16"
    "memorysetup-profiler-bucket-allocator-bucket-count=8"
    "memorysetup-profiler-bucket-allocator-block-size=33554432"
    "memorysetup-profiler-bucket-allocator-block-count=8"
    "memorysetup-profiler-allocator-block-size=16777216"
    "memorysetup-profiler-editor-allocator-block-size=1048576"
    "memorysetup-temp-allocator-size-main=16777216"
    "memorysetup-job-temp-allocator-block-size=2097152"
    "memorysetup-job-temp-allocator-block-size-background=1048576"
    "memorysetup-job-temp-allocator-reduction-small-platforms=262144"
    "memorysetup-temp-allocator-size-background-worker=32768"
    "memorysetup-temp-allocator-size-job-worker=262144"
    "memorysetup-temp-allocator-size-preload-manager=33554432"
    "memorysetup-temp-allocator-size-nav-mesh-worker=65536"
    "memorysetup-temp-allocator-size-audio-worker=65536"
    "memorysetup-temp-allocator-size-cloud-worker=32768"
    "memorysetup-temp-allocator-size-gi-baking-worker=262144"
    "memorysetup-temp-allocator-size-gfx=262144"
Refreshing native plugins compatible for Editor in 185.59 ms, found 10 plugins.
Preloading 1 native plugins for Editor in 1.98 ms.
Initialize engine version: 2021.3.10f1 (1c7d0df0160b)
[Subsystems] Discovering subsystems at path C:/Program Files/Unity/Hub/Editor/2021.3.10f1/Editor/Data/Resources/UnitySubsystems
[Subsystems] Discovering subsystems at path F:/GameDev/spring-2022-spacegame-vr/AstroQuest/Assets
GfxDevice: creating device client; threaded=0; jobified=0
Direct3D:
    Version:  Direct3D 11.0 [level 11.1]
    Renderer: NVIDIA GeForce GTX 1070 with Max-Q Design (ID=0x1ba1)
    Vendor:   NVIDIA
    VRAM:     8082 MB
    Driver:   30.0.15.1277
Initialize mono
Mono path[0] = 'C:/Program Files/Unity/Hub/Editor/2021.3.10f1/Editor/Data/Managed'
Mono path[1] = 'C:/Program Files/Unity/Hub/Editor/2021.3.10f1/Editor/Data/MonoBleedingEdge/lib/mono/unityjit-win32'
Mono config path = 'C:/Program Files/Unity/Hub/Editor/2021.3.10f1/Editor/Data/MonoBleedingEdge/etc'
Using monoOptions --debugger-agent=transport=dt_socket,embedding=1,server=y,suspend=n,address=127.0.0.1:56308
Begin MonoManager ReloadAssembly
Registering precompiled unity dll's ...
Register platform support module: C:/Program Files/Unity/Hub/Editor/2021.3.10f1/Editor/Data/PlaybackEngines/AndroidPlayer/UnityEditor.Android.Extensions.dll
Register platform support module: C:/Program Files/Unity/Hub/Editor/2021.3.10f1/Editor/Data/PlaybackEngines/WindowsStandaloneSupport/UnityEditor.WindowsStandalone.Extensions.dll
Registered in 0.010683 seconds.
Native extension for WindowsStandalone target not found
Native extension for Android target not found
Refreshing native plugins compatible for Editor in 88.79 ms, found 10 plugins.
Preloading 1 native plugins for Editor in 0.21 ms.
Mono: successfully reloaded assembly
- Completed reload, in  0.818 seconds
Domain Reload Profiling:
	ReloadAssembly (818ms)
		BeginReloadAssembly (92ms)
			ExecutionOrderSort (0ms)
			DisableScriptedObjects (0ms)
			BackupInstance (0ms)
			ReleaseScriptingObjects (0ms)
			CreateAndSetChildDomain (1ms)
		EndReloadAssembly (589ms)
			LoadAssemblies (90ms)
			RebuildTransferFunctionScriptingTraits (0ms)
			SetupTypeCache (139ms)
			ReleaseScriptCaches (0ms)
			RebuildScriptCaches (37ms)
			SetupLoadedEditorAssemblies (348ms)
				LogAssemblyErrors (0ms)
				InitializePlatformSupportModulesInManaged (70ms)
				SetLoadedEditorAssemblies (0ms)
				RefreshPlugins (89ms)
				BeforeProcessingInitializeOnLoad (1ms)
				ProcessInitializeOnLoadAttributes (123ms)
				ProcessInitializeOnLoadMethodAttributes (64ms)
				AfterProcessingInitializeOnLoad (0ms)
				EditorAssembliesLoaded (0ms)
			ExecutionOrderSort2 (0ms)
			AwakeInstancesAfterBackupRestoration (0ms)
Platform modules already initialized, skipping
Registering precompiled user dll's ...
Registered in 0.009242 seconds.
Begin MonoManager ReloadAssembly
Native extension for WindowsStandalone target not found
Native extension for Android target not found
Refreshing native plugins compatible for Editor in 154.11 ms, found 10 plugins.
Preloading 1 native plugins for Editor in 0.08 ms.
Package Manager log level set to [2]
System.Reflection.TargetInvocationException: Exception has been thrown by the target of an invocation. ---> System.NullReferenceException: Object reference not set to an instance of an object
  at Unity.XR.Oculus.OculusLoader.AssetPathToAbsolutePath (System.String assetPath) [0x00040] in F:\GameDev\spring-2022-spacegame-vr\AstroQuest\Library\PackageCache\com.unity.xr.oculus@3.0.2\Runtime\OculusLoader.cs:271 
  at Unity.XR.Oculus.OculusLoader.EditorLoadOVRPlugin () [0x0007b] in F:\GameDev\spring-2022-spacegame-vr\AstroQuest\Library\PackageCache\com.unity.xr.oculus@3.0.2\Runtime\OculusLoader.cs:256 
  at (wrapper managed-to-native) System.Reflection.RuntimeMethodInfo.InternalInvoke(System.Reflection.RuntimeMethodInfo,object,object[],System.Exception&)
  at System.Reflection.RuntimeMethodInfo.Invoke (System.Object obj, System.Reflection.BindingFlags invokeAttr, System.Reflection.Binder binder, System.Object[] parameters, System.Globalization.CultureInfo culture) [0x0006a] in <9aad1b3a47484d63ba2b3985692d80e9>:0 
   --- End of inner exception stack trace ---
  at System.Reflection.RuntimeMethodInfo.Invoke (System.Object obj, System.Reflection.BindingFlags invokeAttr, System.Reflection.Binder binder, System.Object[] parameters, System.Globalization.CultureInfo culture) [0x00083] in <9aad1b3a47484d63ba2b3985692d80e9>:0 
  at System.Reflection.MethodBase.Invoke (System.Object obj, System.Object[] parameters) [0x00000] in <9aad1b3a47484d63ba2b3985692d80e9>:0 
  at UnityEditor.EditorAssemblies.ProcessInitializeOnLoadMethodAttributes () [0x000a5] in <99feab6f3db6407493924fe4a179a95b>:0 
UnityEngine.StackTraceUtility:ExtractStackTrace ()
UnityEngine.DebugLogHandler:LogFormat (UnityEngine.LogType,UnityEngine.Object,string,object[])
UnityEngine.Logger:Log (UnityEngine.LogType,object)
UnityEngine.Debug:LogError (object)
UnityEditor.EditorAssemblies:ProcessInitializeOnLoadMethodAttributes ()

Mono: successfully reloaded assembly
- Completed reload, in  2.907 seconds
Domain Reload Profiling:
	ReloadAssembly (2909ms)
		BeginReloadAssembly (368ms)
			ExecutionOrderSort (0ms)
			DisableScriptedObjects (9ms)
			BackupInstance (0ms)
			ReleaseScriptingObjects (0ms)
			CreateAndSetChildDomain (144ms)
		EndReloadAssembly (2273ms)
			LoadAssemblies (203ms)
			RebuildTransferFunctionScriptingTraits (0ms)
			SetupTypeCache (577ms)
			ReleaseScriptCaches (1ms)
			RebuildScriptCaches (152ms)
			SetupLoadedEditorAssemblies (1284ms)
				LogAssemblyErrors (0ms)
				InitializePlatformSupportModulesInManaged (59ms)
				SetLoadedEditorAssemblies (1ms)
				RefreshPlugins (154ms)
				BeforeProcessingInitializeOnLoad (221ms)
				ProcessInitializeOnLoadAttributes (715ms)
				ProcessInitializeOnLoadMethodAttributes (119ms)
				AfterProcessingInitializeOnLoad (14ms)
				EditorAssembliesLoaded (0ms)
			ExecutionOrderSort2 (0ms)
			AwakeInstancesAfterBackupRestoration (13ms)
Platform modules already initialized, skipping
========================================================================
Worker process is ready to serve import requests
Launched and connected shader compiler UnityShaderCompiler.exe after 0.07 seconds
Refreshing native plugins compatible for Editor in 1.32 ms, found 10 plugins.
Preloading 1 native plugins for Editor in 0.09 ms.
Unloading 4488 Unused Serialized files (Serialized files now loaded: 0)
Unloading 52 unused Assets / (71.9 MB). Loaded Objects now: 5056.
Memory consumption went from 278.6 MB to 206.7 MB.
Total: 8.021400 ms (FindLiveObjects: 0.422800 ms CreateObjectMapping: 0.368100 ms MarkObjects: 6.818000 ms  DeleteObjects: 0.411400 ms)

AssetImportParameters requested are different than current active one (requested -> active):
  custom:video-decoder-ogg-theora: a1e56fd34408186e4bbccfd4996cb3dc -> 
  custom:container-muxer-webm: aa71ff27fc2769a1b78a27578f13a17b -> 
  custom:container-demuxer-webm: 4f35f7cbe854078d1ac9338744f61a02 -> 
  custom:video-encoder-webm-vp8: eb34c28f22e8b96e1ab97ce403110664 -> 
  custom:audio-encoder-webm-vorbis: bf7c407c2cedff20999df2af8eb42d56 -> 
  custom:framework-win-MediaFoundation: 216162199b28c13a410421893ffa2e32 -> 
  custom:container-demuxer-ogg: 62fdf1f143b41e24485cea50d1cbac27 -> 
  custom:video-decoder-webm-vp8: 9c59270c3fd7afecdb556c50c9e8de78 -> 
  custom:audio-decoder-ogg-vorbis: bf7c407c2cedff20999df2af8eb42d56 -> 
========================================================================
Received Import Request.
  Time since last request: 174160.616876 seconds.
  path: Assets/Impact Interaction System/Demo/Prefabs/Objects/Rubber Ball.prefab
  artifactKey: Guid(e9a176d00fb9d3d41ac437da28855fb7) Importer(815301076,1909f56bfc062723c751e8b465ee728b)
Start importing Assets/Impact Interaction System/Demo/Prefabs/Objects/Rubber Ball.prefab using Guid(e9a176d00fb9d3d41ac437da28855fb7) Importer(815301076,1909f56bfc062723c751e8b465ee728b)  -> (artifact id: '4200b9ef529f5916f22f89b8435cab23') in 0.859325 seconds 
========================================================================
Received Import Request.
  Time since last request: 0.000041 seconds.
  path: Assets/Impact Interaction System/Demo/Prefabs/Objects/Plastic Container Locked.prefab
  artifactKey: Guid(b0be645aac169e34bac00decff28f3f0) Importer(815301076,1909f56bfc062723c751e8b465ee728b)
Start importing Assets/Impact Interaction System/Demo/Prefabs/Objects/Plastic Container Locked.prefab using Guid(b0be645aac169e34bac00decff28f3f0) Importer(815301076,1909f56bfc062723c751e8b465ee728b)  -> (artifact id: '9d9d8d466bc29bbfb170cd930abd534d') in 0.287195 seconds 
========================================================================
Received Import Request.
  Time since last request: 0.000065 seconds.
  path: Assets/Polarith/AI/Examples/Prefabs/Lab2D/Interest2D.prefab
  artifactKey: Guid(8dbd46fa14acf19459cb63a759b6629f) Importer(815301076,1909f56bfc062723c751e8b465ee728b)
Start importing Assets/Polarith/AI/Examples/Prefabs/Lab2D/Interest2D.prefab using Guid(8dbd46fa14acf19459cb63a759b6629f) Importer(815301076,1909f56bfc062723c751e8b465ee728b)  -> (artifact id: 'bc1ebe862bf9a9d9cf40ab04f039213b') in 0.045877 seconds 
========================================================================
Received Import Request.
  Time since last request: 0.000032 seconds.
  path: Assets/Polarith/AI/Examples/Prefabs/Game/GathererRay.prefab
  artifactKey: Guid(9d45335f43ae38144832d495b3289365) Importer(815301076,1909f56bfc062723c751e8b465ee728b)
Start importing Assets/Polarith/AI/Examples/Prefabs/Game/GathererRay.prefab using Guid(9d45335f43ae38144832d495b3289365) Importer(815301076,1909f56bfc062723c751e8b465ee728b)  -> (artifact id: '8c245643032722ac7ee2398392afb7a8') in 0.177176 seconds 
========================================================================
Received Import Request.
  Time since last request: 0.000043 seconds.
  path: Assets/Asteroid Field Creator/Demo/Demo Prefabs/SpawnPoint.prefab
  artifactKey: Guid(0a0802ba9b3f99d4f9b3bcb7160b6dd8) Importer(815301076,1909f56bfc062723c751e8b465ee728b)
Start importing Assets/Asteroid Field Creator/Demo/Demo Prefabs/SpawnPoint.prefab using Guid(0a0802ba9b3f99d4f9b3bcb7160b6dd8) Importer(815301076,1909f56bfc062723c751e8b465ee728b)  -> (artifact id: 'b3a0c94ca1a2aab6a9e49e24e14a8cc3') in 0.030302 seconds 
========================================================================
Received Import Request.
  Time since last request: 0.000062 seconds.
  path: Assets/Impact Interaction System/Demo/Prefabs/Particles/Dust Particles.prefab
  artifactKey: Guid(f3d24855ed3a51c44bace3b5138be873) Importer(815301076,1909f56bfc062723c751e8b465ee728b)
Start importing Assets/Impact Interaction System/Demo/Prefabs/Particles/Dust Particles.prefab using Guid(f3d24855ed3a51c44bace3b5138be873) Importer(815301076,1909f56bfc062723c751e8b465ee728b)  -> (artifact id: 'dd74c514a2cf525edbf3a62b6e89529a') in 0.745062 seconds 
========================================================================
Received Import Request.
  Time since last request: 0.000033 seconds.
  path: Assets/Polarith/AI/Examples/Prefabs/Game/Pedestrian.prefab
  artifactKey: Guid(0a91ff5e4b7c8f342afc55161e4be24f) Importer(815301076,1909f56bfc062723c751e8b465ee728b)
Start importing Assets/Polarith/AI/Examples/Prefabs/Game/Pedestrian.prefab using Guid(0a91ff5e4b7c8f342afc55161e4be24f) Importer(815301076,1909f56bfc062723c751e8b465ee728b)  -> (artifact id: '7090662fa98b9e9c04b580f50f0e97bb') in 0.065665 seconds 
========================================================================
Received Import Request.
  Time since last request: 0.000045 seconds.
  path: Assets/Models/Elite Trooper/Prefabs/EliteTrooper_Army-Ragdoll-Variant.prefab
  artifactKey: Guid(afc91e8a6b42e5a41abeb48b234741c9) Importer(815301076,1909f56bfc062723c751e8b465ee728b)
Start importing Assets/Models/Elite Trooper/Prefabs/EliteTrooper_Army-Ragdoll-Variant.prefab using Guid(afc91e8a6b42e5a41abeb48b234741c9) Importer(815301076,1909f56bfc062723c751e8b465ee728b)  -> (artifact id: '95c3d2c33fce69a47412ef1635ef4b35') in 8.893657 seconds 
========================================================================
Received Import Request.
  Time since last request: 0.000062 seconds.
  path: Assets/Models/Elite Trooper/Prefabs/EliteTrooper_ForestCamo-Variant.prefab
  artifactKey: Guid(c42d234900a68214a9e800ba36f45071) Importer(815301076,1909f56bfc062723c751e8b465ee728b)
Start importing Assets/Models/Elite Trooper/Prefabs/EliteTrooper_ForestCamo-Variant.prefab using Guid(c42d234900a68214a9e800ba36f45071) Importer(815301076,1909f56bfc062723c751e8b465ee728b)  -> (artifact id: '85ab2aa94c6d497583ff9fde531a0adb') in 7.135366 seconds 
========================================================================
Received Import Request.
  Time since last request: 0.000048 seconds.
  path: Packages/com.unity.render-pipelines.core/Runtime/Debugging/Prefabs/Widgets/DebugUIToggle.prefab
  artifactKey: Guid(ce347ad101f41ee4ab5c3fbc0ea447db) Importer(815301076,1909f56bfc062723c751e8b465ee728b)
Start importing Packages/com.unity.render-pipelines.core/Runtime/Debugging/Prefabs/Widgets/DebugUIToggle.prefab using Guid(ce347ad101f41ee4ab5c3fbc0ea447db) Importer(815301076,1909f56bfc062723c751e8b465ee728b)  -> (artifact id: 'b25a78b50f3fcbd1c388069b024630a6') in 0.093964 seconds 
========================================================================
Received Import Request.
  Time since last request: 0.000060 seconds.
  path: Assets/Polarith/AI/Examples/Prefabs/Particles/Fire.prefab
  artifactKey: Guid(93a952f6ac775a14db29e18185e12318) Importer(815301076,1909f56bfc062723c751e8b465ee728b)
Start importing Assets/Polarith/AI/Examples/Prefabs/Particles/Fire.prefab using Guid(93a952f6ac775a14db29e18185e12318) Importer(815301076,1909f56bfc062723c751e8b465ee728b)  -> (artifact id: '2cea04cb9e859723918c7494044cabe2') in 0.059097 seconds 
========================================================================
Received Import Request.
  Time since last request: 0.000030 seconds.
  path: Assets/ExampleAssets/Prefabs/Workshop Set.prefab
  artifactKey: Guid(a87f0180d46fd334b9025d0314a0dc70) Importer(815301076,1909f56bfc062723c751e8b465ee728b)
Start importing Assets/ExampleAssets/Prefabs/Workshop Set.prefab using Guid(a87f0180d46fd334b9025d0314a0dc70) Importer(815301076,1909f56bfc062723c751e8b465ee728b)  -> (artifact id: '33c4839bca00e430259ed4ef983eb6c0') in 2.032198 seconds 
========================================================================
Received Import Request.
  Time since last request: 0.000030 seconds.
  path: Assets/ExampleAssets/Prefabs/Workbench_LOD0.prefab
  artifactKey: Guid(c0adcaeba3022437293536832628fdf8) Importer(815301076,1909f56bfc062723c751e8b465ee728b)
Start importing Assets/ExampleAssets/Prefabs/Workbench_LOD0.prefab using Guid(c0adcaeba3022437293536832628fdf8) Importer(815301076,1909f56bfc062723c751e8b465ee728b)  -> (artifact id: '2f857572917a37ba4dc1b518e33d2a7d') in 0.077799 seconds 
========================================================================
Received Import Request.
  Time since last request: 0.000059 seconds.
  path: Assets/Models/Elite Trooper/Prefabs/EliteTrooper_Dark-Variant.prefab
  artifactKey: Guid(5ac03c3f4c3d6cb42b7d9dc71c75540f) Importer(815301076,1909f56bfc062723c751e8b465ee728b)
Start importing Assets/Models/Elite Trooper/Prefabs/EliteTrooper_Dark-Variant.prefab using Guid(5ac03c3f4c3d6cb42b7d9dc71c75540f) Importer(815301076,1909f56bfc062723c751e8b465ee728b)  -> (artifact id: '0b957853fb2b46210f7188dbd8cfbfeb') in 8.156913 seconds 
========================================================================
Received Import Request.
  Time since last request: 0.000071 seconds.
  path: Assets/Models/Elite Trooper/Prefabs/EliteTrooper_Army-Variant.prefab
  artifactKey: Guid(aeb86d88bcb3e174497c699d34d1d505) Importer(815301076,1909f56bfc062723c751e8b465ee728b)
Start importing Assets/Models/Elite Trooper/Prefabs/EliteTrooper_Army-Variant.prefab using Guid(aeb86d88bcb3e174497c699d34d1d505) Importer(815301076,1909f56bfc062723c751e8b465ee728b)  -> (artifact id: '603bdbb2440df99fcd1e1fc7db60814c') in 6.849377 seconds 
========================================================================
Received Import Request.
  Time since last request: 35.223223 seconds.
  path: Assets/ExampleAssets/Models/hammer_low.fbx
  artifactKey: Guid(68a66fb5a71f8204a8dcb613c97d1fa8) Importer(815301076,1909f56bfc062723c751e8b465ee728b)
Start importing Assets/ExampleAssets/Models/hammer_low.fbx using Guid(68a66fb5a71f8204a8dcb613c97d1fa8) Importer(815301076,1909f56bfc062723c751e8b465ee728b)  -> (artifact id: '93e0d0fb15f4ad24e47ba8b91a75e551') in 0.262958 seconds 
========================================================================
Received Import Request.
  Time since last request: 0.000049 seconds.
  path: Assets/ExampleAssets/Models/safetygoggles_low.fbx
  artifactKey: Guid(6296e48663fd7ad46b1a2af507f871cf) Importer(815301076,1909f56bfc062723c751e8b465ee728b)
Start importing Assets/ExampleAssets/Models/safetygoggles_low.fbx using Guid(6296e48663fd7ad46b1a2af507f871cf) Importer(815301076,1909f56bfc062723c751e8b465ee728b)  -> (artifact id: '7f4e50d895c17bde91281e988adaf364') in 0.098472 seconds 
========================================================================
Received Import Request.
  Time since last request: 0.000032 seconds.
  path: Assets/ExampleAssets/Models/Workbench_Low.fbx
  artifactKey: Guid(ff6dc36862fe41641bb21568d92147c9) Importer(815301076,1909f56bfc062723c751e8b465ee728b)
Start importing Assets/ExampleAssets/Models/Workbench_Low.fbx using Guid(ff6dc36862fe41641bb21568d92147c9) Importer(815301076,1909f56bfc062723c751e8b465ee728b)  -> (artifact id: '5e97c970e075c33335de89ad4bb3f7f2') in 0.179559 seconds 
========================================================================
Received Import Request.
  Time since last request: 0.000037 seconds.
  path: Assets/ExampleAssets/Models/small_plane.fbx
  artifactKey: Guid(aeaee610429f51f44981e141eb2a3545) Importer(815301076,1909f56bfc062723c751e8b465ee728b)
Start importing Assets/ExampleAssets/Models/small_plane.fbx using Guid(aeaee610429f51f44981e141eb2a3545) Importer(815301076,1909f56bfc062723c751e8b465ee728b)  -> (artifact id: '5fb2c6829c981d4f6d8e5c7946052d4c') in 0.063395 seconds 
========================================================================
Received Import Request.
  Time since last request: 6.757902 seconds.
  path: Assets/Models/Extra Models/carrier01.obj
  artifactKey: Guid(ebac653d74a22ac40810c35410119a9c) Importer(815301076,1909f56bfc062723c751e8b465ee728b)
Start importing Assets/Models/Extra Models/carrier01.obj using Guid(ebac653d74a22ac40810c35410119a9c) Importer(815301076,1909f56bfc062723c751e8b465ee728b)  -> (artifact id: 'aa690f0a4fa9039cf3b82911e5591f0e') in 0.065492 seconds 
========================================================================
Received Import Request.
  Time since last request: 0.000034 seconds.
  path: Assets/Models/Extra Models/station01.obj
  artifactKey: Guid(b627b05792673684589ad5f8e52fc188) Importer(815301076,1909f56bfc062723c751e8b465ee728b)
Start importing Assets/Models/Extra Models/station01.obj using Guid(b627b05792673684589ad5f8e52fc188) Importer(815301076,1909f56bfc062723c751e8b465ee728b)  -> (artifact id: 'ee06d36e0693fd6cb55d047dad5514f8') in 0.061587 seconds 
========================================================================
Received Import Request.
  Time since last request: 0.000037 seconds.
  path: Assets/Models/Extra Models/station02_base.obj
  artifactKey: Guid(fd356ef1ceba17e4ca5c1e857e7f8bf8) Importer(815301076,1909f56bfc062723c751e8b465ee728b)
Start importing Assets/Models/Extra Models/station02_base.obj using Guid(fd356ef1ceba17e4ca5c1e857e7f8bf8) Importer(815301076,1909f56bfc062723c751e8b465ee728b)  -> (artifact id: '526e6be0e92c961d73beef7466e24b2f') in 0.068917 seconds 
========================================================================
Received Import Request.
  Time since last request: 0.000034 seconds.
  path: Assets/Models/Extra Models/SK_EliteTrooper_LowPoly 1.fbx
  artifactKey: Guid(6559ff850760ba844a0c9d6f4bc7e9bf) Importer(815301076,1909f56bfc062723c751e8b465ee728b)
Start importing Assets/Models/Extra Models/SK_EliteTrooper_LowPoly 1.fbx using Guid(6559ff850760ba844a0c9d6f4bc7e9bf) Importer(815301076,1909f56bfc062723c751e8b465ee728b)  -> (artifact id: 'cbb286aa2ba7a8e56f23eafa7b797be7') in 0.076208 seconds 
========================================================================
Received Import Request.
  Time since last request: 0.000039 seconds.
  path: Assets/Models/Extra Models/SpaceshipFlying.fbx
  artifactKey: Guid(4ad95c41d222c77498d47003a2c3b1f3) Importer(815301076,1909f56bfc062723c751e8b465ee728b)
Start importing Assets/Models/Extra Models/SpaceshipFlying.fbx using Guid(4ad95c41d222c77498d47003a2c3b1f3) Importer(815301076,1909f56bfc062723c751e8b465ee728b)  -> (artifact id: 'ab68222a4105a38e7487878c0e17ed66') in 0.168150 seconds 
========================================================================
Received Import Request.
  Time since last request: 0.000041 seconds.
  path: Assets/Models/Extra Models/frigate01.obj
  artifactKey: Guid(482e85cf0aeb76b41b6afe933c6b8e00) Importer(815301076,1909f56bfc062723c751e8b465ee728b)
Start importing Assets/Models/Extra Models/frigate01.obj using Guid(482e85cf0aeb76b41b6afe933c6b8e00) Importer(815301076,1909f56bfc062723c751e8b465ee728b)  -> (artifact id: 'a30195a10d90e0e0c485a234628cb82b') in 0.093595 seconds 
========================================================================
Received Import Request.
  Time since last request: 0.000045 seconds.
  path: Assets/Models/Extra Models/SK_EliteTrooper_trial 1.fbx
  artifactKey: Guid(925d4c1d17976514db43a778fb06e427) Importer(815301076,1909f56bfc062723c751e8b465ee728b)
Start importing Assets/Models/Extra Models/SK_EliteTrooper_trial 1.fbx using Guid(925d4c1d17976514db43a778fb06e427) Importer(815301076,1909f56bfc062723c751e8b465ee728b)  -> (artifact id: '7b5a5e5dbacea319d7971fa4631eac19') in 0.074742 seconds 
========================================================================
Received Import Request.
  Time since last request: 0.000037 seconds.
  path: Assets/Models/Extra Models/SpaceshipCargo.fbx
  artifactKey: Guid(7313ad3c5023e854e9e5a93b1b29bf5d) Importer(815301076,1909f56bfc062723c751e8b465ee728b)
Start importing Assets/Models/Extra Models/SpaceshipCargo.fbx using Guid(7313ad3c5023e854e9e5a93b1b29bf5d) Importer(815301076,1909f56bfc062723c751e8b465ee728b)  -> (artifact id: '0fafa47fbce89bea5e418f03b36378ed') in 0.199870 seconds 
========================================================================
Received Import Request.
  Time since last request: 0.000028 seconds.
  path: Assets/Models/Extra Models/destroyer01.obj
  artifactKey: Guid(b135dfb3d3bbf0e4bb0d3120779958a8) Importer(815301076,1909f56bfc062723c751e8b465ee728b)
Start importing Assets/Models/Extra Models/destroyer01.obj using Guid(b135dfb3d3bbf0e4bb0d3120779958a8) Importer(815301076,1909f56bfc062723c751e8b465ee728b)  -> (artifact id: 'e74f02c3347f89b4714ce00a356499f6') in 0.064117 seconds 
========================================================================
Received Import Request.
  Time since last request: 0.000043 seconds.
  path: Assets/Models/Extra Models/turret02.fbx
  artifactKey: Guid(969caaa80705c7f4c91a402e844c7581) Importer(815301076,1909f56bfc062723c751e8b465ee728b)
Start importing Assets/Models/Extra Models/turret02.fbx using Guid(969caaa80705c7f4c91a402e844c7581) Importer(815301076,1909f56bfc062723c751e8b465ee728b)  -> (artifact id: 'ca8bf591ab906610875be6ba59d80d7f') in 0.058040 seconds 
========================================================================
Received Import Request.
  Time since last request: 0.000034 seconds.
  path: Assets/Models/Extra Models/cruiser01.obj
  artifactKey: Guid(523dcdbb8143381419b3113677e3b7a9) Importer(815301076,1909f56bfc062723c751e8b465ee728b)
Start importing Assets/Models/Extra Models/cruiser01.obj using Guid(523dcdbb8143381419b3113677e3b7a9) Importer(815301076,1909f56bfc062723c751e8b465ee728b)  -> (artifact id: '687bbc83f5a3dd7d960966edd75e4690') in 0.067651 seconds 
========================================================================
Received Import Request.
  Time since last request: 0.000030 seconds.
  path: Assets/Models/Extra Models/turret01.fbx
  artifactKey: Guid(c909ab8574bc5194eb79a0c1e10e9a64) Importer(815301076,1909f56bfc062723c751e8b465ee728b)
Start importing Assets/Models/Extra Models/turret01.fbx using Guid(c909ab8574bc5194eb79a0c1e10e9a64) Importer(815301076,1909f56bfc062723c751e8b465ee728b)  -> (artifact id: '646ecf7697a40bc4696d2fc9bbfba786') in 0.054959 seconds 
========================================================================
Received Import Request.
  Time since last request: 7.331322 seconds.
  path: Assets/Models/Extra Models/Player/Trigger.mask
  artifactKey: Guid(a5a7db453d97c2c44ae70b09877e2dd8) Importer(815301076,1909f56bfc062723c751e8b465ee728b)
Start importing Assets/Models/Extra Models/Player/Trigger.mask using Guid(a5a7db453d97c2c44ae70b09877e2dd8) Importer(815301076,1909f56bfc062723c751e8b465ee728b)  -> (artifact id: '1246400f4cb0e5297f75c9f68e129532') in 0.022103 seconds 
Editor requested this worker to shutdown with reason: Scaling down because of idle timeout
AssetImportWorker is now disconnected from the server
Process exiting
Exiting without the bug reporter. Application will terminate with return code 0